Determining if the pthread_create exist failed with the following output:
Change Dir: /home/kalyco/mfp_workspace/build/darknet_ros_msgs/CMakeFiles/CMakeTmp

Run Build Command:"/usr/bin/make" "cmTC_8b930/fast"
/usr/bin/make -f CMakeFiles/cmTC_8b930.dir/build.make CMakeFiles/cmTC_8b930.dir/build
make[1]: Entering directory '/home/kalyco/mfp_workspace/build/darknet_ros_msgs/CMakeFiles/CMakeTmp'
Building C object CMakeFiles/cmTC_8b930.dir/CheckSymbolExists.c.o
/usr/bin/cc    -o CMakeFiles/cmTC_8b930.dir/CheckSymbolExists.c.o   -c /home/kalyco/mfp_workspace/build/darknet_ros_msgs/CMakeFiles/CMakeTmp/CheckSymbolExists.c
Linking C executable cmTC_8b930
/usr/local/bin/cmake -E cmake_link_script CMakeFiles/cmTC_8b930.dir/link.txt --verbose=1
/usr/bin/cc      -rdynamic CMakeFiles/cmTC_8b930.dir/CheckSymbolExists.c.o  -o cmTC_8b930 
CMakeFiles/cmTC_8b930.dir/CheckSymbolExists.c.o: In function `main':
CheckSymbolExists.c:(.text+0x16): undefined reference to `pthread_create'
collect2: error: ld returned 1 exit status
CMakeFiles/cmTC_8b930.dir/build.make:86: recipe for target 'cmTC_8b930' failed
make[1]: *** [cmTC_8b930] Error 1
make[1]: Leaving directory '/home/kalyco/mfp_workspace/build/darknet_ros_msgs/CMakeFiles/CMakeTmp'
Makefile:121: recipe for target 'cmTC_8b930/fast' failed
make: *** [cmTC_8b930/fast] Error 2

File /home/kalyco/mfp_workspace/build/darknet_ros_msgs/CMakeFiles/CMakeTmp/CheckSymbolExists.c:
/* */
#include <pthread.h>

int main(int argc, char** argv)
{
  (void)argv;
#ifndef pthread_create
  return ((int*)(&pthread_create))[argc];
#else
  (void)argc;
  return 0;
#endif
}

Determining if the function pthread_create exists in the pthreads failed with the following output:
Change Dir: /home/kalyco/mfp_workspace/build/darknet_ros_msgs/CMakeFiles/CMakeTmp

Run Build Command:"/usr/bin/make" "cmTC_c269d/fast"
/usr/bin/make -f CMakeFiles/cmTC_c269d.dir/build.make CMakeFiles/cmTC_c269d.dir/build
make[1]: Entering directory '/home/kalyco/mfp_workspace/build/darknet_ros_msgs/CMakeFiles/CMakeTmp'
Building C object CMakeFiles/cmTC_c269d.dir/CheckFunctionExists.c.o
/usr/bin/cc   -DCHECK_FUNCTION_EXISTS=pthread_create   -o CMakeFiles/cmTC_c269d.dir/CheckFunctionExists.c.o   -c /usr/local/share/cmake-3.12/Modules/CheckFunctionExists.c
Linking C executable cmTC_c269d
/usr/local/bin/cmake -E cmake_link_script CMakeFiles/cmTC_c269d.dir/link.txt --verbose=1
/usr/bin/cc  -DCHECK_FUNCTION_EXISTS=pthread_create    -rdynamic CMakeFiles/cmTC_c269d.dir/CheckFunctionExists.c.o  -o cmTC_c269d -lpthreads 
/usr/bin/ld: cannot find -lpthreads
collect2: error: ld returned 1 exit status
CMakeFiles/cmTC_c269d.dir/build.make:86: recipe for target 'cmTC_c269d' failed
make[1]: *** [cmTC_c269d] Error 1
make[1]: Leaving directory '/home/kalyco/mfp_workspace/build/darknet_ros_msgs/CMakeFiles/CMakeTmp'
Makefile:121: recipe for target 'cmTC_c269d/fast' failed
make: *** [cmTC_c269d/fast] Error 2


