Determining if the pthread_create exist failed with the following output:
Change Dir: /home/kalyco/mfp_workspace/build/srsbot_chuck_description/CMakeFiles/CMakeTmp

Run Build Command:"/usr/bin/make" "cmTC_4a9cd/fast"
/usr/bin/make -f CMakeFiles/cmTC_4a9cd.dir/build.make CMakeFiles/cmTC_4a9cd.dir/build
make[1]: Entering directory '/home/kalyco/mfp_workspace/build/srsbot_chuck_description/CMakeFiles/CMakeTmp'
Building C object CMakeFiles/cmTC_4a9cd.dir/CheckSymbolExists.c.o
/usr/bin/cc    -o CMakeFiles/cmTC_4a9cd.dir/CheckSymbolExists.c.o   -c /home/kalyco/mfp_workspace/build/srsbot_chuck_description/CMakeFiles/CMakeTmp/CheckSymbolExists.c
Linking C executable cmTC_4a9cd
/usr/local/bin/cmake -E cmake_link_script CMakeFiles/cmTC_4a9cd.dir/link.txt --verbose=1
/usr/bin/cc      -rdynamic CMakeFiles/cmTC_4a9cd.dir/CheckSymbolExists.c.o  -o cmTC_4a9cd 
CMakeFiles/cmTC_4a9cd.dir/CheckSymbolExists.c.o: In function `main':
CheckSymbolExists.c:(.text+0x16): undefined reference to `pthread_create'
collect2: error: ld returned 1 exit status
CMakeFiles/cmTC_4a9cd.dir/build.make:86: recipe for target 'cmTC_4a9cd' failed
make[1]: *** [cmTC_4a9cd] Error 1
make[1]: Leaving directory '/home/kalyco/mfp_workspace/build/srsbot_chuck_description/CMakeFiles/CMakeTmp'
Makefile:121: recipe for target 'cmTC_4a9cd/fast' failed
make: *** [cmTC_4a9cd/fast] Error 2

File /home/kalyco/mfp_workspace/build/srsbot_chuck_description/CMakeFiles/CMakeTmp/CheckSymbolExists.c:
/* */
#include <pthread.h>

int main(int argc, char** argv)
{
  (void)argv;
#ifndef pthread_create
  return ((int*)(&pthread_create))[argc];
#else
  (void)argc;
  return 0;
#endif
}

Determining if the function pthread_create exists in the pthreads failed with the following output:
Change Dir: /home/kalyco/mfp_workspace/build/srsbot_chuck_description/CMakeFiles/CMakeTmp

Run Build Command:"/usr/bin/make" "cmTC_228a7/fast"
/usr/bin/make -f CMakeFiles/cmTC_228a7.dir/build.make CMakeFiles/cmTC_228a7.dir/build
make[1]: Entering directory '/home/kalyco/mfp_workspace/build/srsbot_chuck_description/CMakeFiles/CMakeTmp'
Building C object CMakeFiles/cmTC_228a7.dir/CheckFunctionExists.c.o
/usr/bin/cc   -DCHECK_FUNCTION_EXISTS=pthread_create   -o CMakeFiles/cmTC_228a7.dir/CheckFunctionExists.c.o   -c /usr/local/share/cmake-3.12/Modules/CheckFunctionExists.c
Linking C executable cmTC_228a7
/usr/local/bin/cmake -E cmake_link_script CMakeFiles/cmTC_228a7.dir/link.txt --verbose=1
/usr/bin/cc  -DCHECK_FUNCTION_EXISTS=pthread_create    -rdynamic CMakeFiles/cmTC_228a7.dir/CheckFunctionExists.c.o  -o cmTC_228a7 -lpthreads 
/usr/bin/ld: cannot find -lpthreads
collect2: error: ld returned 1 exit status
CMakeFiles/cmTC_228a7.dir/build.make:86: recipe for target 'cmTC_228a7' failed
make[1]: *** [cmTC_228a7] Error 1
make[1]: Leaving directory '/home/kalyco/mfp_workspace/build/srsbot_chuck_description/CMakeFiles/CMakeTmp'
Makefile:121: recipe for target 'cmTC_228a7/fast' failed
make: *** [cmTC_228a7/fast] Error 2


