Determining if the pthread_create exist failed with the following output:
Change Dir: /home/kalyco/mfp_workspace/build/laser_scan_splitter/CMakeFiles/CMakeTmp

Run Build Command:"/usr/bin/make" "cmTC_8cb77/fast"
/usr/bin/make -f CMakeFiles/cmTC_8cb77.dir/build.make CMakeFiles/cmTC_8cb77.dir/build
make[1]: Entering directory '/home/kalyco/mfp_workspace/build/laser_scan_splitter/CMakeFiles/CMakeTmp'
Building C object CMakeFiles/cmTC_8cb77.dir/CheckSymbolExists.c.o
/usr/bin/cc    -o CMakeFiles/cmTC_8cb77.dir/CheckSymbolExists.c.o   -c /home/kalyco/mfp_workspace/build/laser_scan_splitter/CMakeFiles/CMakeTmp/CheckSymbolExists.c
Linking C executable cmTC_8cb77
/usr/local/bin/cmake -E cmake_link_script CMakeFiles/cmTC_8cb77.dir/link.txt --verbose=1
/usr/bin/cc      -rdynamic CMakeFiles/cmTC_8cb77.dir/CheckSymbolExists.c.o  -o cmTC_8cb77 
CMakeFiles/cmTC_8cb77.dir/CheckSymbolExists.c.o: In function `main':
CheckSymbolExists.c:(.text+0x16): undefined reference to `pthread_create'
collect2: error: ld returned 1 exit status
CMakeFiles/cmTC_8cb77.dir/build.make:86: recipe for target 'cmTC_8cb77' failed
make[1]: *** [cmTC_8cb77] Error 1
make[1]: Leaving directory '/home/kalyco/mfp_workspace/build/laser_scan_splitter/CMakeFiles/CMakeTmp'
Makefile:121: recipe for target 'cmTC_8cb77/fast' failed
make: *** [cmTC_8cb77/fast] Error 2

File /home/kalyco/mfp_workspace/build/laser_scan_splitter/CMakeFiles/CMakeTmp/CheckSymbolExists.c:
/* */
#include <pthread.h>

int main(int argc, char** argv)
{
  (void)argv;
#ifndef pthread_create
  return ((int*)(&pthread_create))[argc];
#else
  (void)argc;
  return 0;
#endif
}

Determining if the function pthread_create exists in the pthreads failed with the following output:
Change Dir: /home/kalyco/mfp_workspace/build/laser_scan_splitter/CMakeFiles/CMakeTmp

Run Build Command:"/usr/bin/make" "cmTC_96217/fast"
/usr/bin/make -f CMakeFiles/cmTC_96217.dir/build.make CMakeFiles/cmTC_96217.dir/build
make[1]: Entering directory '/home/kalyco/mfp_workspace/build/laser_scan_splitter/CMakeFiles/CMakeTmp'
Building C object CMakeFiles/cmTC_96217.dir/CheckFunctionExists.c.o
/usr/bin/cc   -DCHECK_FUNCTION_EXISTS=pthread_create   -o CMakeFiles/cmTC_96217.dir/CheckFunctionExists.c.o   -c /usr/local/share/cmake-3.12/Modules/CheckFunctionExists.c
Linking C executable cmTC_96217
/usr/local/bin/cmake -E cmake_link_script CMakeFiles/cmTC_96217.dir/link.txt --verbose=1
/usr/bin/cc  -DCHECK_FUNCTION_EXISTS=pthread_create    -rdynamic CMakeFiles/cmTC_96217.dir/CheckFunctionExists.c.o  -o cmTC_96217 -lpthreads 
/usr/bin/ld: cannot find -lpthreads
collect2: error: ld returned 1 exit status
CMakeFiles/cmTC_96217.dir/build.make:86: recipe for target 'cmTC_96217' failed
make[1]: *** [cmTC_96217] Error 1
make[1]: Leaving directory '/home/kalyco/mfp_workspace/build/laser_scan_splitter/CMakeFiles/CMakeTmp'
Makefile:121: recipe for target 'cmTC_96217/fast' failed
make: *** [cmTC_96217/fast] Error 2


