Determining if the pthread_create exist failed with the following output:
Change Dir: /home/kalyco/mfp_workspace/build/depthimage_to_laserscan/CMakeFiles/CMakeTmp

Run Build Command:"/usr/bin/make" "cmTC_27f48/fast"
/usr/bin/make -f CMakeFiles/cmTC_27f48.dir/build.make CMakeFiles/cmTC_27f48.dir/build
make[1]: Entering directory '/home/kalyco/mfp_workspace/build/depthimage_to_laserscan/CMakeFiles/CMakeTmp'
Building C object CMakeFiles/cmTC_27f48.dir/CheckSymbolExists.c.o
/usr/bin/cc    -o CMakeFiles/cmTC_27f48.dir/CheckSymbolExists.c.o   -c /home/kalyco/mfp_workspace/build/depthimage_to_laserscan/CMakeFiles/CMakeTmp/CheckSymbolExists.c
Linking C executable cmTC_27f48
/usr/local/bin/cmake -E cmake_link_script CMakeFiles/cmTC_27f48.dir/link.txt --verbose=1
/usr/bin/cc      -rdynamic CMakeFiles/cmTC_27f48.dir/CheckSymbolExists.c.o  -o cmTC_27f48 
CMakeFiles/cmTC_27f48.dir/CheckSymbolExists.c.o: In function `main':
CheckSymbolExists.c:(.text+0x16): undefined reference to `pthread_create'
collect2: error: ld returned 1 exit status
CMakeFiles/cmTC_27f48.dir/build.make:86: recipe for target 'cmTC_27f48' failed
make[1]: *** [cmTC_27f48] Error 1
make[1]: Leaving directory '/home/kalyco/mfp_workspace/build/depthimage_to_laserscan/CMakeFiles/CMakeTmp'
Makefile:121: recipe for target 'cmTC_27f48/fast' failed
make: *** [cmTC_27f48/fast] Error 2

File /home/kalyco/mfp_workspace/build/depthimage_to_laserscan/CMakeFiles/CMakeTmp/CheckSymbolExists.c:
/* */
#include <pthread.h>

int main(int argc, char** argv)
{
  (void)argv;
#ifndef pthread_create
  return ((int*)(&pthread_create))[argc];
#else
  (void)argc;
  return 0;
#endif
}

Determining if the function pthread_create exists in the pthreads failed with the following output:
Change Dir: /home/kalyco/mfp_workspace/build/depthimage_to_laserscan/CMakeFiles/CMakeTmp

Run Build Command:"/usr/bin/make" "cmTC_36eff/fast"
/usr/bin/make -f CMakeFiles/cmTC_36eff.dir/build.make CMakeFiles/cmTC_36eff.dir/build
make[1]: Entering directory '/home/kalyco/mfp_workspace/build/depthimage_to_laserscan/CMakeFiles/CMakeTmp'
Building C object CMakeFiles/cmTC_36eff.dir/CheckFunctionExists.c.o
/usr/bin/cc   -DCHECK_FUNCTION_EXISTS=pthread_create   -o CMakeFiles/cmTC_36eff.dir/CheckFunctionExists.c.o   -c /usr/local/share/cmake-3.12/Modules/CheckFunctionExists.c
Linking C executable cmTC_36eff
/usr/local/bin/cmake -E cmake_link_script CMakeFiles/cmTC_36eff.dir/link.txt --verbose=1
/usr/bin/cc  -DCHECK_FUNCTION_EXISTS=pthread_create    -rdynamic CMakeFiles/cmTC_36eff.dir/CheckFunctionExists.c.o  -o cmTC_36eff -lpthreads 
/usr/bin/ld: cannot find -lpthreads
collect2: error: ld returned 1 exit status
CMakeFiles/cmTC_36eff.dir/build.make:86: recipe for target 'cmTC_36eff' failed
make[1]: *** [cmTC_36eff] Error 1
make[1]: Leaving directory '/home/kalyco/mfp_workspace/build/depthimage_to_laserscan/CMakeFiles/CMakeTmp'
Makefile:121: recipe for target 'cmTC_36eff/fast' failed
make: *** [cmTC_36eff/fast] Error 2


