Determining if the pthread_create exist failed with the following output:
Change Dir: /home/kalyco/mfp_workspace/build/mbf_simple_nav/CMakeFiles/CMakeTmp

Run Build Command:"/usr/bin/make" "cmTC_d05bb/fast"
/usr/bin/make -f CMakeFiles/cmTC_d05bb.dir/build.make CMakeFiles/cmTC_d05bb.dir/build
make[1]: Entering directory '/home/kalyco/mfp_workspace/build/mbf_simple_nav/CMakeFiles/CMakeTmp'
Building C object CMakeFiles/cmTC_d05bb.dir/CheckSymbolExists.c.o
/usr/bin/cc    -o CMakeFiles/cmTC_d05bb.dir/CheckSymbolExists.c.o   -c /home/kalyco/mfp_workspace/build/mbf_simple_nav/CMakeFiles/CMakeTmp/CheckSymbolExists.c
Linking C executable cmTC_d05bb
/usr/local/bin/cmake -E cmake_link_script CMakeFiles/cmTC_d05bb.dir/link.txt --verbose=1
/usr/bin/cc      -rdynamic CMakeFiles/cmTC_d05bb.dir/CheckSymbolExists.c.o  -o cmTC_d05bb 
CMakeFiles/cmTC_d05bb.dir/CheckSymbolExists.c.o: In function `main':
CheckSymbolExists.c:(.text+0x16): undefined reference to `pthread_create'
collect2: error: ld returned 1 exit status
CMakeFiles/cmTC_d05bb.dir/build.make:86: recipe for target 'cmTC_d05bb' failed
make[1]: *** [cmTC_d05bb] Error 1
make[1]: Leaving directory '/home/kalyco/mfp_workspace/build/mbf_simple_nav/CMakeFiles/CMakeTmp'
Makefile:121: recipe for target 'cmTC_d05bb/fast' failed
make: *** [cmTC_d05bb/fast] Error 2

File /home/kalyco/mfp_workspace/build/mbf_simple_nav/CMakeFiles/CMakeTmp/CheckSymbolExists.c:
/* */
#include <pthread.h>

int main(int argc, char** argv)
{
  (void)argv;
#ifndef pthread_create
  return ((int*)(&pthread_create))[argc];
#else
  (void)argc;
  return 0;
#endif
}

Determining if the function pthread_create exists in the pthreads failed with the following output:
Change Dir: /home/kalyco/mfp_workspace/build/mbf_simple_nav/CMakeFiles/CMakeTmp

Run Build Command:"/usr/bin/make" "cmTC_a95fc/fast"
/usr/bin/make -f CMakeFiles/cmTC_a95fc.dir/build.make CMakeFiles/cmTC_a95fc.dir/build
make[1]: Entering directory '/home/kalyco/mfp_workspace/build/mbf_simple_nav/CMakeFiles/CMakeTmp'
Building C object CMakeFiles/cmTC_a95fc.dir/CheckFunctionExists.c.o
/usr/bin/cc   -DCHECK_FUNCTION_EXISTS=pthread_create   -o CMakeFiles/cmTC_a95fc.dir/CheckFunctionExists.c.o   -c /usr/local/share/cmake-3.12/Modules/CheckFunctionExists.c
Linking C executable cmTC_a95fc
/usr/local/bin/cmake -E cmake_link_script CMakeFiles/cmTC_a95fc.dir/link.txt --verbose=1
/usr/bin/cc  -DCHECK_FUNCTION_EXISTS=pthread_create    -rdynamic CMakeFiles/cmTC_a95fc.dir/CheckFunctionExists.c.o  -o cmTC_a95fc -lpthreads 
/usr/bin/ld: cannot find -lpthreads
collect2: error: ld returned 1 exit status
CMakeFiles/cmTC_a95fc.dir/build.make:86: recipe for target 'cmTC_a95fc' failed
make[1]: *** [cmTC_a95fc] Error 1
make[1]: Leaving directory '/home/kalyco/mfp_workspace/build/mbf_simple_nav/CMakeFiles/CMakeTmp'
Makefile:121: recipe for target 'cmTC_a95fc/fast' failed
make: *** [cmTC_a95fc/fast] Error 2


