Determining if the pthread_create exist failed with the following output:
Change Dir: /home/kalyco/mfp_workspace/build/pcl_ros/CMakeFiles/CMakeTmp

Run Build Command:"/usr/bin/make" "cmTC_d2d99/fast"
/usr/bin/make -f CMakeFiles/cmTC_d2d99.dir/build.make CMakeFiles/cmTC_d2d99.dir/build
make[1]: Entering directory '/home/kalyco/mfp_workspace/build/pcl_ros/CMakeFiles/CMakeTmp'
Building C object CMakeFiles/cmTC_d2d99.dir/CheckSymbolExists.c.o
/usr/bin/cc    -o CMakeFiles/cmTC_d2d99.dir/CheckSymbolExists.c.o   -c /home/kalyco/mfp_workspace/build/pcl_ros/CMakeFiles/CMakeTmp/CheckSymbolExists.c
Linking C executable cmTC_d2d99
/usr/local/bin/cmake -E cmake_link_script CMakeFiles/cmTC_d2d99.dir/link.txt --verbose=1
/usr/bin/cc      -rdynamic CMakeFiles/cmTC_d2d99.dir/CheckSymbolExists.c.o  -o cmTC_d2d99 
CMakeFiles/cmTC_d2d99.dir/CheckSymbolExists.c.o: In function `main':
CheckSymbolExists.c:(.text+0x16): undefined reference to `pthread_create'
collect2: error: ld returned 1 exit status
CMakeFiles/cmTC_d2d99.dir/build.make:86: recipe for target 'cmTC_d2d99' failed
make[1]: *** [cmTC_d2d99] Error 1
make[1]: Leaving directory '/home/kalyco/mfp_workspace/build/pcl_ros/CMakeFiles/CMakeTmp'
Makefile:121: recipe for target 'cmTC_d2d99/fast' failed
make: *** [cmTC_d2d99/fast] Error 2

File /home/kalyco/mfp_workspace/build/pcl_ros/CMakeFiles/CMakeTmp/CheckSymbolExists.c:
/* */
#include <pthread.h>

int main(int argc, char** argv)
{
  (void)argv;
#ifndef pthread_create
  return ((int*)(&pthread_create))[argc];
#else
  (void)argc;
  return 0;
#endif
}

Determining if the function pthread_create exists in the pthreads failed with the following output:
Change Dir: /home/kalyco/mfp_workspace/build/pcl_ros/CMakeFiles/CMakeTmp

Run Build Command:"/usr/bin/make" "cmTC_9d735/fast"
/usr/bin/make -f CMakeFiles/cmTC_9d735.dir/build.make CMakeFiles/cmTC_9d735.dir/build
make[1]: Entering directory '/home/kalyco/mfp_workspace/build/pcl_ros/CMakeFiles/CMakeTmp'
Building C object CMakeFiles/cmTC_9d735.dir/CheckFunctionExists.c.o
/usr/bin/cc   -DCHECK_FUNCTION_EXISTS=pthread_create   -o CMakeFiles/cmTC_9d735.dir/CheckFunctionExists.c.o   -c /usr/local/share/cmake-3.12/Modules/CheckFunctionExists.c
Linking C executable cmTC_9d735
/usr/local/bin/cmake -E cmake_link_script CMakeFiles/cmTC_9d735.dir/link.txt --verbose=1
/usr/bin/cc  -DCHECK_FUNCTION_EXISTS=pthread_create    -rdynamic CMakeFiles/cmTC_9d735.dir/CheckFunctionExists.c.o  -o cmTC_9d735 -lpthreads 
/usr/bin/ld: cannot find -lpthreads
collect2: error: ld returned 1 exit status
CMakeFiles/cmTC_9d735.dir/build.make:86: recipe for target 'cmTC_9d735' failed
make[1]: *** [cmTC_9d735] Error 1
make[1]: Leaving directory '/home/kalyco/mfp_workspace/build/pcl_ros/CMakeFiles/CMakeTmp'
Makefile:121: recipe for target 'cmTC_9d735/fast' failed
make: *** [cmTC_9d735/fast] Error 2


