Determining if the pthread_create exist failed with the following output:
Change Dir: /home/kalyco/mfp_workspace/build/srslib_timing/CMakeFiles/CMakeTmp

Run Build Command:"/usr/bin/make" "cmTC_6ac98/fast"
/usr/bin/make -f CMakeFiles/cmTC_6ac98.dir/build.make CMakeFiles/cmTC_6ac98.dir/build
make[1]: Entering directory '/home/kalyco/mfp_workspace/build/srslib_timing/CMakeFiles/CMakeTmp'
Building C object CMakeFiles/cmTC_6ac98.dir/CheckSymbolExists.c.o
/usr/bin/cc    -o CMakeFiles/cmTC_6ac98.dir/CheckSymbolExists.c.o   -c /home/kalyco/mfp_workspace/build/srslib_timing/CMakeFiles/CMakeTmp/CheckSymbolExists.c
Linking C executable cmTC_6ac98
/usr/local/bin/cmake -E cmake_link_script CMakeFiles/cmTC_6ac98.dir/link.txt --verbose=1
/usr/bin/cc      -rdynamic CMakeFiles/cmTC_6ac98.dir/CheckSymbolExists.c.o  -o cmTC_6ac98 
CMakeFiles/cmTC_6ac98.dir/CheckSymbolExists.c.o: In function `main':
CheckSymbolExists.c:(.text+0x16): undefined reference to `pthread_create'
collect2: error: ld returned 1 exit status
CMakeFiles/cmTC_6ac98.dir/build.make:86: recipe for target 'cmTC_6ac98' failed
make[1]: *** [cmTC_6ac98] Error 1
make[1]: Leaving directory '/home/kalyco/mfp_workspace/build/srslib_timing/CMakeFiles/CMakeTmp'
Makefile:121: recipe for target 'cmTC_6ac98/fast' failed
make: *** [cmTC_6ac98/fast] Error 2

File /home/kalyco/mfp_workspace/build/srslib_timing/CMakeFiles/CMakeTmp/CheckSymbolExists.c:
/* */
#include <pthread.h>

int main(int argc, char** argv)
{
  (void)argv;
#ifndef pthread_create
  return ((int*)(&pthread_create))[argc];
#else
  (void)argc;
  return 0;
#endif
}

Determining if the function pthread_create exists in the pthreads failed with the following output:
Change Dir: /home/kalyco/mfp_workspace/build/srslib_timing/CMakeFiles/CMakeTmp

Run Build Command:"/usr/bin/make" "cmTC_0eafb/fast"
/usr/bin/make -f CMakeFiles/cmTC_0eafb.dir/build.make CMakeFiles/cmTC_0eafb.dir/build
make[1]: Entering directory '/home/kalyco/mfp_workspace/build/srslib_timing/CMakeFiles/CMakeTmp'
Building C object CMakeFiles/cmTC_0eafb.dir/CheckFunctionExists.c.o
/usr/bin/cc   -DCHECK_FUNCTION_EXISTS=pthread_create   -o CMakeFiles/cmTC_0eafb.dir/CheckFunctionExists.c.o   -c /usr/local/share/cmake-3.12/Modules/CheckFunctionExists.c
Linking C executable cmTC_0eafb
/usr/local/bin/cmake -E cmake_link_script CMakeFiles/cmTC_0eafb.dir/link.txt --verbose=1
/usr/bin/cc  -DCHECK_FUNCTION_EXISTS=pthread_create    -rdynamic CMakeFiles/cmTC_0eafb.dir/CheckFunctionExists.c.o  -o cmTC_0eafb -lpthreads 
/usr/bin/ld: cannot find -lpthreads
collect2: error: ld returned 1 exit status
CMakeFiles/cmTC_0eafb.dir/build.make:86: recipe for target 'cmTC_0eafb' failed
make[1]: *** [cmTC_0eafb] Error 1
make[1]: Leaving directory '/home/kalyco/mfp_workspace/build/srslib_timing/CMakeFiles/CMakeTmp'
Makefile:121: recipe for target 'cmTC_0eafb/fast' failed
make: *** [cmTC_0eafb/fast] Error 2


