Determining if the pthread_create exist failed with the following output:
Change Dir: /home/kalyco/mfp_workspace/build/light_scan_sim/CMakeFiles/CMakeTmp

Run Build Command:"/usr/bin/make" "cmTC_f84ef/fast"
/usr/bin/make -f CMakeFiles/cmTC_f84ef.dir/build.make CMakeFiles/cmTC_f84ef.dir/build
make[1]: Entering directory '/home/kalyco/mfp_workspace/build/light_scan_sim/CMakeFiles/CMakeTmp'
Building C object CMakeFiles/cmTC_f84ef.dir/CheckSymbolExists.c.o
/usr/bin/cc    -o CMakeFiles/cmTC_f84ef.dir/CheckSymbolExists.c.o   -c /home/kalyco/mfp_workspace/build/light_scan_sim/CMakeFiles/CMakeTmp/CheckSymbolExists.c
Linking C executable cmTC_f84ef
/usr/local/bin/cmake -E cmake_link_script CMakeFiles/cmTC_f84ef.dir/link.txt --verbose=1
/usr/bin/cc      -rdynamic CMakeFiles/cmTC_f84ef.dir/CheckSymbolExists.c.o  -o cmTC_f84ef 
CMakeFiles/cmTC_f84ef.dir/CheckSymbolExists.c.o: In function `main':
CheckSymbolExists.c:(.text+0x16): undefined reference to `pthread_create'
collect2: error: ld returned 1 exit status
CMakeFiles/cmTC_f84ef.dir/build.make:86: recipe for target 'cmTC_f84ef' failed
make[1]: *** [cmTC_f84ef] Error 1
make[1]: Leaving directory '/home/kalyco/mfp_workspace/build/light_scan_sim/CMakeFiles/CMakeTmp'
Makefile:121: recipe for target 'cmTC_f84ef/fast' failed
make: *** [cmTC_f84ef/fast] Error 2

File /home/kalyco/mfp_workspace/build/light_scan_sim/CMakeFiles/CMakeTmp/CheckSymbolExists.c:
/* */
#include <pthread.h>

int main(int argc, char** argv)
{
  (void)argv;
#ifndef pthread_create
  return ((int*)(&pthread_create))[argc];
#else
  (void)argc;
  return 0;
#endif
}

Determining if the function pthread_create exists in the pthreads failed with the following output:
Change Dir: /home/kalyco/mfp_workspace/build/light_scan_sim/CMakeFiles/CMakeTmp

Run Build Command:"/usr/bin/make" "cmTC_800c8/fast"
/usr/bin/make -f CMakeFiles/cmTC_800c8.dir/build.make CMakeFiles/cmTC_800c8.dir/build
make[1]: Entering directory '/home/kalyco/mfp_workspace/build/light_scan_sim/CMakeFiles/CMakeTmp'
Building C object CMakeFiles/cmTC_800c8.dir/CheckFunctionExists.c.o
/usr/bin/cc   -DCHECK_FUNCTION_EXISTS=pthread_create   -o CMakeFiles/cmTC_800c8.dir/CheckFunctionExists.c.o   -c /usr/local/share/cmake-3.12/Modules/CheckFunctionExists.c
Linking C executable cmTC_800c8
/usr/local/bin/cmake -E cmake_link_script CMakeFiles/cmTC_800c8.dir/link.txt --verbose=1
/usr/bin/cc  -DCHECK_FUNCTION_EXISTS=pthread_create    -rdynamic CMakeFiles/cmTC_800c8.dir/CheckFunctionExists.c.o  -o cmTC_800c8 -lpthreads 
/usr/bin/ld: cannot find -lpthreads
collect2: error: ld returned 1 exit status
CMakeFiles/cmTC_800c8.dir/build.make:86: recipe for target 'cmTC_800c8' failed
make[1]: *** [cmTC_800c8] Error 1
make[1]: Leaving directory '/home/kalyco/mfp_workspace/build/light_scan_sim/CMakeFiles/CMakeTmp'
Makefile:121: recipe for target 'cmTC_800c8/fast' failed
make: *** [cmTC_800c8/fast] Error 2


