Determining if the pthread_create exist failed with the following output:
Change Dir: /home/kalyco/mfp_workspace/build/catkin_tools_prebuild/CMakeFiles/CMakeTmp

Run Build Command:"/usr/bin/make" "cmTC_7bc9b/fast"
/usr/bin/make -f CMakeFiles/cmTC_7bc9b.dir/build.make CMakeFiles/cmTC_7bc9b.dir/build
make[1]: Entering directory '/home/kalyco/mfp_workspace/build/catkin_tools_prebuild/CMakeFiles/CMakeTmp'
Building C object CMakeFiles/cmTC_7bc9b.dir/CheckSymbolExists.c.o
/usr/bin/cc    -o CMakeFiles/cmTC_7bc9b.dir/CheckSymbolExists.c.o   -c /home/kalyco/mfp_workspace/build/catkin_tools_prebuild/CMakeFiles/CMakeTmp/CheckSymbolExists.c
Linking C executable cmTC_7bc9b
/usr/local/bin/cmake -E cmake_link_script CMakeFiles/cmTC_7bc9b.dir/link.txt --verbose=1
/usr/bin/cc      -rdynamic CMakeFiles/cmTC_7bc9b.dir/CheckSymbolExists.c.o  -o cmTC_7bc9b 
CMakeFiles/cmTC_7bc9b.dir/CheckSymbolExists.c.o: In function `main':
CheckSymbolExists.c:(.text+0x16): undefined reference to `pthread_create'
collect2: error: ld returned 1 exit status
CMakeFiles/cmTC_7bc9b.dir/build.make:86: recipe for target 'cmTC_7bc9b' failed
make[1]: *** [cmTC_7bc9b] Error 1
make[1]: Leaving directory '/home/kalyco/mfp_workspace/build/catkin_tools_prebuild/CMakeFiles/CMakeTmp'
Makefile:121: recipe for target 'cmTC_7bc9b/fast' failed
make: *** [cmTC_7bc9b/fast] Error 2

File /home/kalyco/mfp_workspace/build/catkin_tools_prebuild/CMakeFiles/CMakeTmp/CheckSymbolExists.c:
/* */
#include <pthread.h>

int main(int argc, char** argv)
{
  (void)argv;
#ifndef pthread_create
  return ((int*)(&pthread_create))[argc];
#else
  (void)argc;
  return 0;
#endif
}

Determining if the function pthread_create exists in the pthreads failed with the following output:
Change Dir: /home/kalyco/mfp_workspace/build/catkin_tools_prebuild/CMakeFiles/CMakeTmp

Run Build Command:"/usr/bin/make" "cmTC_050f6/fast"
/usr/bin/make -f CMakeFiles/cmTC_050f6.dir/build.make CMakeFiles/cmTC_050f6.dir/build
make[1]: Entering directory '/home/kalyco/mfp_workspace/build/catkin_tools_prebuild/CMakeFiles/CMakeTmp'
Building C object CMakeFiles/cmTC_050f6.dir/CheckFunctionExists.c.o
/usr/bin/cc   -DCHECK_FUNCTION_EXISTS=pthread_create   -o CMakeFiles/cmTC_050f6.dir/CheckFunctionExists.c.o   -c /usr/local/share/cmake-3.12/Modules/CheckFunctionExists.c
Linking C executable cmTC_050f6
/usr/local/bin/cmake -E cmake_link_script CMakeFiles/cmTC_050f6.dir/link.txt --verbose=1
/usr/bin/cc  -DCHECK_FUNCTION_EXISTS=pthread_create    -rdynamic CMakeFiles/cmTC_050f6.dir/CheckFunctionExists.c.o  -o cmTC_050f6 -lpthreads 
/usr/bin/ld: cannot find -lpthreads
collect2: error: ld returned 1 exit status
CMakeFiles/cmTC_050f6.dir/build.make:86: recipe for target 'cmTC_050f6' failed
make[1]: *** [cmTC_050f6] Error 1
make[1]: Leaving directory '/home/kalyco/mfp_workspace/build/catkin_tools_prebuild/CMakeFiles/CMakeTmp'
Makefile:121: recipe for target 'cmTC_050f6/fast' failed
make: *** [cmTC_050f6/fast] Error 2


