Determining if the pthread_create exist failed with the following output:
Change Dir: /home/kalyco/mfp_workspace/build/rosbridge_library/CMakeFiles/CMakeTmp

Run Build Command:"/usr/bin/make" "cmTC_5d09e/fast"
/usr/bin/make -f CMakeFiles/cmTC_5d09e.dir/build.make CMakeFiles/cmTC_5d09e.dir/build
make[1]: Entering directory '/home/kalyco/mfp_workspace/build/rosbridge_library/CMakeFiles/CMakeTmp'
Building C object CMakeFiles/cmTC_5d09e.dir/CheckSymbolExists.c.o
/usr/bin/cc    -o CMakeFiles/cmTC_5d09e.dir/CheckSymbolExists.c.o   -c /home/kalyco/mfp_workspace/build/rosbridge_library/CMakeFiles/CMakeTmp/CheckSymbolExists.c
Linking C executable cmTC_5d09e
/usr/local/bin/cmake -E cmake_link_script CMakeFiles/cmTC_5d09e.dir/link.txt --verbose=1
/usr/bin/cc      -rdynamic CMakeFiles/cmTC_5d09e.dir/CheckSymbolExists.c.o  -o cmTC_5d09e 
CMakeFiles/cmTC_5d09e.dir/CheckSymbolExists.c.o: In function `main':
CheckSymbolExists.c:(.text+0x16): undefined reference to `pthread_create'
collect2: error: ld returned 1 exit status
CMakeFiles/cmTC_5d09e.dir/build.make:86: recipe for target 'cmTC_5d09e' failed
make[1]: *** [cmTC_5d09e] Error 1
make[1]: Leaving directory '/home/kalyco/mfp_workspace/build/rosbridge_library/CMakeFiles/CMakeTmp'
Makefile:121: recipe for target 'cmTC_5d09e/fast' failed
make: *** [cmTC_5d09e/fast] Error 2

File /home/kalyco/mfp_workspace/build/rosbridge_library/CMakeFiles/CMakeTmp/CheckSymbolExists.c:
/* */
#include <pthread.h>

int main(int argc, char** argv)
{
  (void)argv;
#ifndef pthread_create
  return ((int*)(&pthread_create))[argc];
#else
  (void)argc;
  return 0;
#endif
}

Determining if the function pthread_create exists in the pthreads failed with the following output:
Change Dir: /home/kalyco/mfp_workspace/build/rosbridge_library/CMakeFiles/CMakeTmp

Run Build Command:"/usr/bin/make" "cmTC_978de/fast"
/usr/bin/make -f CMakeFiles/cmTC_978de.dir/build.make CMakeFiles/cmTC_978de.dir/build
make[1]: Entering directory '/home/kalyco/mfp_workspace/build/rosbridge_library/CMakeFiles/CMakeTmp'
Building C object CMakeFiles/cmTC_978de.dir/CheckFunctionExists.c.o
/usr/bin/cc   -DCHECK_FUNCTION_EXISTS=pthread_create   -o CMakeFiles/cmTC_978de.dir/CheckFunctionExists.c.o   -c /usr/local/share/cmake-3.12/Modules/CheckFunctionExists.c
Linking C executable cmTC_978de
/usr/local/bin/cmake -E cmake_link_script CMakeFiles/cmTC_978de.dir/link.txt --verbose=1
/usr/bin/cc  -DCHECK_FUNCTION_EXISTS=pthread_create    -rdynamic CMakeFiles/cmTC_978de.dir/CheckFunctionExists.c.o  -o cmTC_978de -lpthreads 
/usr/bin/ld: cannot find -lpthreads
collect2: error: ld returned 1 exit status
CMakeFiles/cmTC_978de.dir/build.make:86: recipe for target 'cmTC_978de' failed
make[1]: *** [cmTC_978de] Error 1
make[1]: Leaving directory '/home/kalyco/mfp_workspace/build/rosbridge_library/CMakeFiles/CMakeTmp'
Makefile:121: recipe for target 'cmTC_978de/fast' failed
make: *** [cmTC_978de/fast] Error 2


