Determining if the pthread_create exist failed with the following output:
Change Dir: /home/kalyco/mfp_workspace/build/robot_pose_ekf/CMakeFiles/CMakeTmp

Run Build Command:"/usr/bin/make" "cmTC_09bee/fast"
/usr/bin/make -f CMakeFiles/cmTC_09bee.dir/build.make CMakeFiles/cmTC_09bee.dir/build
make[1]: Entering directory '/home/kalyco/mfp_workspace/build/robot_pose_ekf/CMakeFiles/CMakeTmp'
Building C object CMakeFiles/cmTC_09bee.dir/CheckSymbolExists.c.o
/usr/bin/cc    -o CMakeFiles/cmTC_09bee.dir/CheckSymbolExists.c.o   -c /home/kalyco/mfp_workspace/build/robot_pose_ekf/CMakeFiles/CMakeTmp/CheckSymbolExists.c
Linking C executable cmTC_09bee
/usr/local/bin/cmake -E cmake_link_script CMakeFiles/cmTC_09bee.dir/link.txt --verbose=1
/usr/bin/cc      -rdynamic CMakeFiles/cmTC_09bee.dir/CheckSymbolExists.c.o  -o cmTC_09bee 
CMakeFiles/cmTC_09bee.dir/CheckSymbolExists.c.o: In function `main':
CheckSymbolExists.c:(.text+0x16): undefined reference to `pthread_create'
collect2: error: ld returned 1 exit status
CMakeFiles/cmTC_09bee.dir/build.make:86: recipe for target 'cmTC_09bee' failed
make[1]: *** [cmTC_09bee] Error 1
make[1]: Leaving directory '/home/kalyco/mfp_workspace/build/robot_pose_ekf/CMakeFiles/CMakeTmp'
Makefile:121: recipe for target 'cmTC_09bee/fast' failed
make: *** [cmTC_09bee/fast] Error 2

File /home/kalyco/mfp_workspace/build/robot_pose_ekf/CMakeFiles/CMakeTmp/CheckSymbolExists.c:
/* */
#include <pthread.h>

int main(int argc, char** argv)
{
  (void)argv;
#ifndef pthread_create
  return ((int*)(&pthread_create))[argc];
#else
  (void)argc;
  return 0;
#endif
}

Determining if the function pthread_create exists in the pthreads failed with the following output:
Change Dir: /home/kalyco/mfp_workspace/build/robot_pose_ekf/CMakeFiles/CMakeTmp

Run Build Command:"/usr/bin/make" "cmTC_bff1d/fast"
/usr/bin/make -f CMakeFiles/cmTC_bff1d.dir/build.make CMakeFiles/cmTC_bff1d.dir/build
make[1]: Entering directory '/home/kalyco/mfp_workspace/build/robot_pose_ekf/CMakeFiles/CMakeTmp'
Building C object CMakeFiles/cmTC_bff1d.dir/CheckFunctionExists.c.o
/usr/bin/cc   -DCHECK_FUNCTION_EXISTS=pthread_create   -o CMakeFiles/cmTC_bff1d.dir/CheckFunctionExists.c.o   -c /usr/local/share/cmake-3.12/Modules/CheckFunctionExists.c
Linking C executable cmTC_bff1d
/usr/local/bin/cmake -E cmake_link_script CMakeFiles/cmTC_bff1d.dir/link.txt --verbose=1
/usr/bin/cc  -DCHECK_FUNCTION_EXISTS=pthread_create    -rdynamic CMakeFiles/cmTC_bff1d.dir/CheckFunctionExists.c.o  -o cmTC_bff1d -lpthreads 
/usr/bin/ld: cannot find -lpthreads
collect2: error: ld returned 1 exit status
CMakeFiles/cmTC_bff1d.dir/build.make:86: recipe for target 'cmTC_bff1d' failed
make[1]: *** [cmTC_bff1d] Error 1
make[1]: Leaving directory '/home/kalyco/mfp_workspace/build/robot_pose_ekf/CMakeFiles/CMakeTmp'
Makefile:121: recipe for target 'cmTC_bff1d/fast' failed
make: *** [cmTC_bff1d/fast] Error 2


