Determining if the pthread_create exist failed with the following output:
Change Dir: /home/kalyco/mfp_workspace/build/laser_scan_sparsifier/CMakeFiles/CMakeTmp

Run Build Command:"/usr/bin/make" "cmTC_aa76c/fast"
/usr/bin/make -f CMakeFiles/cmTC_aa76c.dir/build.make CMakeFiles/cmTC_aa76c.dir/build
make[1]: Entering directory '/home/kalyco/mfp_workspace/build/laser_scan_sparsifier/CMakeFiles/CMakeTmp'
Building C object CMakeFiles/cmTC_aa76c.dir/CheckSymbolExists.c.o
/usr/bin/cc    -o CMakeFiles/cmTC_aa76c.dir/CheckSymbolExists.c.o   -c /home/kalyco/mfp_workspace/build/laser_scan_sparsifier/CMakeFiles/CMakeTmp/CheckSymbolExists.c
Linking C executable cmTC_aa76c
/usr/local/bin/cmake -E cmake_link_script CMakeFiles/cmTC_aa76c.dir/link.txt --verbose=1
/usr/bin/cc      -rdynamic CMakeFiles/cmTC_aa76c.dir/CheckSymbolExists.c.o  -o cmTC_aa76c 
CMakeFiles/cmTC_aa76c.dir/CheckSymbolExists.c.o: In function `main':
CheckSymbolExists.c:(.text+0x16): undefined reference to `pthread_create'
collect2: error: ld returned 1 exit status
CMakeFiles/cmTC_aa76c.dir/build.make:86: recipe for target 'cmTC_aa76c' failed
make[1]: *** [cmTC_aa76c] Error 1
make[1]: Leaving directory '/home/kalyco/mfp_workspace/build/laser_scan_sparsifier/CMakeFiles/CMakeTmp'
Makefile:121: recipe for target 'cmTC_aa76c/fast' failed
make: *** [cmTC_aa76c/fast] Error 2

File /home/kalyco/mfp_workspace/build/laser_scan_sparsifier/CMakeFiles/CMakeTmp/CheckSymbolExists.c:
/* */
#include <pthread.h>

int main(int argc, char** argv)
{
  (void)argv;
#ifndef pthread_create
  return ((int*)(&pthread_create))[argc];
#else
  (void)argc;
  return 0;
#endif
}

Determining if the function pthread_create exists in the pthreads failed with the following output:
Change Dir: /home/kalyco/mfp_workspace/build/laser_scan_sparsifier/CMakeFiles/CMakeTmp

Run Build Command:"/usr/bin/make" "cmTC_22717/fast"
/usr/bin/make -f CMakeFiles/cmTC_22717.dir/build.make CMakeFiles/cmTC_22717.dir/build
make[1]: Entering directory '/home/kalyco/mfp_workspace/build/laser_scan_sparsifier/CMakeFiles/CMakeTmp'
Building C object CMakeFiles/cmTC_22717.dir/CheckFunctionExists.c.o
/usr/bin/cc   -DCHECK_FUNCTION_EXISTS=pthread_create   -o CMakeFiles/cmTC_22717.dir/CheckFunctionExists.c.o   -c /usr/local/share/cmake-3.12/Modules/CheckFunctionExists.c
Linking C executable cmTC_22717
/usr/local/bin/cmake -E cmake_link_script CMakeFiles/cmTC_22717.dir/link.txt --verbose=1
/usr/bin/cc  -DCHECK_FUNCTION_EXISTS=pthread_create    -rdynamic CMakeFiles/cmTC_22717.dir/CheckFunctionExists.c.o  -o cmTC_22717 -lpthreads 
/usr/bin/ld: cannot find -lpthreads
collect2: error: ld returned 1 exit status
CMakeFiles/cmTC_22717.dir/build.make:86: recipe for target 'cmTC_22717' failed
make[1]: *** [cmTC_22717] Error 1
make[1]: Leaving directory '/home/kalyco/mfp_workspace/build/laser_scan_sparsifier/CMakeFiles/CMakeTmp'
Makefile:121: recipe for target 'cmTC_22717/fast' failed
make: *** [cmTC_22717/fast] Error 2


