Determining if the pthread_create exist failed with the following output:
Change Dir: /home/kalyco/mfp_workspace/build/std_msgs/CMakeFiles/CMakeTmp

Run Build Command:"/usr/bin/make" "cmTC_bd36c/fast"
/usr/bin/make -f CMakeFiles/cmTC_bd36c.dir/build.make CMakeFiles/cmTC_bd36c.dir/build
make[1]: Entering directory '/home/kalyco/mfp_workspace/build/std_msgs/CMakeFiles/CMakeTmp'
Building C object CMakeFiles/cmTC_bd36c.dir/CheckSymbolExists.c.o
/usr/bin/cc    -o CMakeFiles/cmTC_bd36c.dir/CheckSymbolExists.c.o   -c /home/kalyco/mfp_workspace/build/std_msgs/CMakeFiles/CMakeTmp/CheckSymbolExists.c
Linking C executable cmTC_bd36c
/usr/local/bin/cmake -E cmake_link_script CMakeFiles/cmTC_bd36c.dir/link.txt --verbose=1
/usr/bin/cc      -rdynamic CMakeFiles/cmTC_bd36c.dir/CheckSymbolExists.c.o  -o cmTC_bd36c 
CMakeFiles/cmTC_bd36c.dir/CheckSymbolExists.c.o: In function `main':
CheckSymbolExists.c:(.text+0x16): undefined reference to `pthread_create'
collect2: error: ld returned 1 exit status
CMakeFiles/cmTC_bd36c.dir/build.make:86: recipe for target 'cmTC_bd36c' failed
make[1]: *** [cmTC_bd36c] Error 1
make[1]: Leaving directory '/home/kalyco/mfp_workspace/build/std_msgs/CMakeFiles/CMakeTmp'
Makefile:121: recipe for target 'cmTC_bd36c/fast' failed
make: *** [cmTC_bd36c/fast] Error 2

File /home/kalyco/mfp_workspace/build/std_msgs/CMakeFiles/CMakeTmp/CheckSymbolExists.c:
/* */
#include <pthread.h>

int main(int argc, char** argv)
{
  (void)argv;
#ifndef pthread_create
  return ((int*)(&pthread_create))[argc];
#else
  (void)argc;
  return 0;
#endif
}

Determining if the function pthread_create exists in the pthreads failed with the following output:
Change Dir: /home/kalyco/mfp_workspace/build/std_msgs/CMakeFiles/CMakeTmp

Run Build Command:"/usr/bin/make" "cmTC_904eb/fast"
/usr/bin/make -f CMakeFiles/cmTC_904eb.dir/build.make CMakeFiles/cmTC_904eb.dir/build
make[1]: Entering directory '/home/kalyco/mfp_workspace/build/std_msgs/CMakeFiles/CMakeTmp'
Building C object CMakeFiles/cmTC_904eb.dir/CheckFunctionExists.c.o
/usr/bin/cc   -DCHECK_FUNCTION_EXISTS=pthread_create   -o CMakeFiles/cmTC_904eb.dir/CheckFunctionExists.c.o   -c /usr/local/share/cmake-3.12/Modules/CheckFunctionExists.c
Linking C executable cmTC_904eb
/usr/local/bin/cmake -E cmake_link_script CMakeFiles/cmTC_904eb.dir/link.txt --verbose=1
/usr/bin/cc  -DCHECK_FUNCTION_EXISTS=pthread_create    -rdynamic CMakeFiles/cmTC_904eb.dir/CheckFunctionExists.c.o  -o cmTC_904eb -lpthreads 
/usr/bin/ld: cannot find -lpthreads
collect2: error: ld returned 1 exit status
CMakeFiles/cmTC_904eb.dir/build.make:86: recipe for target 'cmTC_904eb' failed
make[1]: *** [cmTC_904eb] Error 1
make[1]: Leaving directory '/home/kalyco/mfp_workspace/build/std_msgs/CMakeFiles/CMakeTmp'
Makefile:121: recipe for target 'cmTC_904eb/fast' failed
make: *** [cmTC_904eb/fast] Error 2


