Determining if the pthread_create exist failed with the following output:
Change Dir: /home/kalyco/mfp_workspace/build/polled_camera/CMakeFiles/CMakeTmp

Run Build Command:"/usr/bin/make" "cmTC_19108/fast"
/usr/bin/make -f CMakeFiles/cmTC_19108.dir/build.make CMakeFiles/cmTC_19108.dir/build
make[1]: Entering directory '/home/kalyco/mfp_workspace/build/polled_camera/CMakeFiles/CMakeTmp'
Building C object CMakeFiles/cmTC_19108.dir/CheckSymbolExists.c.o
/usr/bin/cc    -o CMakeFiles/cmTC_19108.dir/CheckSymbolExists.c.o   -c /home/kalyco/mfp_workspace/build/polled_camera/CMakeFiles/CMakeTmp/CheckSymbolExists.c
Linking C executable cmTC_19108
/usr/local/bin/cmake -E cmake_link_script CMakeFiles/cmTC_19108.dir/link.txt --verbose=1
/usr/bin/cc      -rdynamic CMakeFiles/cmTC_19108.dir/CheckSymbolExists.c.o  -o cmTC_19108 
CMakeFiles/cmTC_19108.dir/CheckSymbolExists.c.o: In function `main':
CheckSymbolExists.c:(.text+0x16): undefined reference to `pthread_create'
collect2: error: ld returned 1 exit status
CMakeFiles/cmTC_19108.dir/build.make:86: recipe for target 'cmTC_19108' failed
make[1]: *** [cmTC_19108] Error 1
make[1]: Leaving directory '/home/kalyco/mfp_workspace/build/polled_camera/CMakeFiles/CMakeTmp'
Makefile:121: recipe for target 'cmTC_19108/fast' failed
make: *** [cmTC_19108/fast] Error 2

File /home/kalyco/mfp_workspace/build/polled_camera/CMakeFiles/CMakeTmp/CheckSymbolExists.c:
/* */
#include <pthread.h>

int main(int argc, char** argv)
{
  (void)argv;
#ifndef pthread_create
  return ((int*)(&pthread_create))[argc];
#else
  (void)argc;
  return 0;
#endif
}

Determining if the function pthread_create exists in the pthreads failed with the following output:
Change Dir: /home/kalyco/mfp_workspace/build/polled_camera/CMakeFiles/CMakeTmp

Run Build Command:"/usr/bin/make" "cmTC_39b78/fast"
/usr/bin/make -f CMakeFiles/cmTC_39b78.dir/build.make CMakeFiles/cmTC_39b78.dir/build
make[1]: Entering directory '/home/kalyco/mfp_workspace/build/polled_camera/CMakeFiles/CMakeTmp'
Building C object CMakeFiles/cmTC_39b78.dir/CheckFunctionExists.c.o
/usr/bin/cc   -DCHECK_FUNCTION_EXISTS=pthread_create   -o CMakeFiles/cmTC_39b78.dir/CheckFunctionExists.c.o   -c /usr/local/share/cmake-3.12/Modules/CheckFunctionExists.c
Linking C executable cmTC_39b78
/usr/local/bin/cmake -E cmake_link_script CMakeFiles/cmTC_39b78.dir/link.txt --verbose=1
/usr/bin/cc  -DCHECK_FUNCTION_EXISTS=pthread_create    -rdynamic CMakeFiles/cmTC_39b78.dir/CheckFunctionExists.c.o  -o cmTC_39b78 -lpthreads 
/usr/bin/ld: cannot find -lpthreads
collect2: error: ld returned 1 exit status
CMakeFiles/cmTC_39b78.dir/build.make:86: recipe for target 'cmTC_39b78' failed
make[1]: *** [cmTC_39b78] Error 1
make[1]: Leaving directory '/home/kalyco/mfp_workspace/build/polled_camera/CMakeFiles/CMakeTmp'
Makefile:121: recipe for target 'cmTC_39b78/fast' failed
make: *** [cmTC_39b78/fast] Error 2


