Determining if the pthread_create exist failed with the following output:
Change Dir: /home/kalyco/mfp_workspace/build/image_publisher/CMakeFiles/CMakeTmp

Run Build Command:"/usr/bin/make" "cmTC_00e67/fast"
/usr/bin/make -f CMakeFiles/cmTC_00e67.dir/build.make CMakeFiles/cmTC_00e67.dir/build
make[1]: Entering directory '/home/kalyco/mfp_workspace/build/image_publisher/CMakeFiles/CMakeTmp'
Building C object CMakeFiles/cmTC_00e67.dir/CheckSymbolExists.c.o
/usr/bin/cc    -o CMakeFiles/cmTC_00e67.dir/CheckSymbolExists.c.o   -c /home/kalyco/mfp_workspace/build/image_publisher/CMakeFiles/CMakeTmp/CheckSymbolExists.c
Linking C executable cmTC_00e67
/usr/local/bin/cmake -E cmake_link_script CMakeFiles/cmTC_00e67.dir/link.txt --verbose=1
/usr/bin/cc      -rdynamic CMakeFiles/cmTC_00e67.dir/CheckSymbolExists.c.o  -o cmTC_00e67 
CMakeFiles/cmTC_00e67.dir/CheckSymbolExists.c.o: In function `main':
CheckSymbolExists.c:(.text+0x16): undefined reference to `pthread_create'
collect2: error: ld returned 1 exit status
CMakeFiles/cmTC_00e67.dir/build.make:86: recipe for target 'cmTC_00e67' failed
make[1]: *** [cmTC_00e67] Error 1
make[1]: Leaving directory '/home/kalyco/mfp_workspace/build/image_publisher/CMakeFiles/CMakeTmp'
Makefile:121: recipe for target 'cmTC_00e67/fast' failed
make: *** [cmTC_00e67/fast] Error 2

File /home/kalyco/mfp_workspace/build/image_publisher/CMakeFiles/CMakeTmp/CheckSymbolExists.c:
/* */
#include <pthread.h>

int main(int argc, char** argv)
{
  (void)argv;
#ifndef pthread_create
  return ((int*)(&pthread_create))[argc];
#else
  (void)argc;
  return 0;
#endif
}

Determining if the function pthread_create exists in the pthreads failed with the following output:
Change Dir: /home/kalyco/mfp_workspace/build/image_publisher/CMakeFiles/CMakeTmp

Run Build Command:"/usr/bin/make" "cmTC_baa4e/fast"
/usr/bin/make -f CMakeFiles/cmTC_baa4e.dir/build.make CMakeFiles/cmTC_baa4e.dir/build
make[1]: Entering directory '/home/kalyco/mfp_workspace/build/image_publisher/CMakeFiles/CMakeTmp'
Building C object CMakeFiles/cmTC_baa4e.dir/CheckFunctionExists.c.o
/usr/bin/cc   -DCHECK_FUNCTION_EXISTS=pthread_create   -o CMakeFiles/cmTC_baa4e.dir/CheckFunctionExists.c.o   -c /usr/local/share/cmake-3.12/Modules/CheckFunctionExists.c
Linking C executable cmTC_baa4e
/usr/local/bin/cmake -E cmake_link_script CMakeFiles/cmTC_baa4e.dir/link.txt --verbose=1
/usr/bin/cc  -DCHECK_FUNCTION_EXISTS=pthread_create    -rdynamic CMakeFiles/cmTC_baa4e.dir/CheckFunctionExists.c.o  -o cmTC_baa4e -lpthreads 
/usr/bin/ld: cannot find -lpthreads
collect2: error: ld returned 1 exit status
CMakeFiles/cmTC_baa4e.dir/build.make:86: recipe for target 'cmTC_baa4e' failed
make[1]: *** [cmTC_baa4e] Error 1
make[1]: Leaving directory '/home/kalyco/mfp_workspace/build/image_publisher/CMakeFiles/CMakeTmp'
Makefile:121: recipe for target 'cmTC_baa4e/fast' failed
make: *** [cmTC_baa4e/fast] Error 2


