Determining if the pthread_create exist failed with the following output:
Change Dir: /home/kalyco/mfp_workspace/build/stereo_image_proc/CMakeFiles/CMakeTmp

Run Build Command:"/usr/bin/make" "cmTC_16312/fast"
/usr/bin/make -f CMakeFiles/cmTC_16312.dir/build.make CMakeFiles/cmTC_16312.dir/build
make[1]: Entering directory '/home/kalyco/mfp_workspace/build/stereo_image_proc/CMakeFiles/CMakeTmp'
Building C object CMakeFiles/cmTC_16312.dir/CheckSymbolExists.c.o
/usr/bin/cc    -o CMakeFiles/cmTC_16312.dir/CheckSymbolExists.c.o   -c /home/kalyco/mfp_workspace/build/stereo_image_proc/CMakeFiles/CMakeTmp/CheckSymbolExists.c
Linking C executable cmTC_16312
/usr/local/bin/cmake -E cmake_link_script CMakeFiles/cmTC_16312.dir/link.txt --verbose=1
/usr/bin/cc      -rdynamic CMakeFiles/cmTC_16312.dir/CheckSymbolExists.c.o  -o cmTC_16312 
CMakeFiles/cmTC_16312.dir/CheckSymbolExists.c.o: In function `main':
CheckSymbolExists.c:(.text+0x16): undefined reference to `pthread_create'
collect2: error: ld returned 1 exit status
CMakeFiles/cmTC_16312.dir/build.make:86: recipe for target 'cmTC_16312' failed
make[1]: *** [cmTC_16312] Error 1
make[1]: Leaving directory '/home/kalyco/mfp_workspace/build/stereo_image_proc/CMakeFiles/CMakeTmp'
Makefile:121: recipe for target 'cmTC_16312/fast' failed
make: *** [cmTC_16312/fast] Error 2

File /home/kalyco/mfp_workspace/build/stereo_image_proc/CMakeFiles/CMakeTmp/CheckSymbolExists.c:
/* */
#include <pthread.h>

int main(int argc, char** argv)
{
  (void)argv;
#ifndef pthread_create
  return ((int*)(&pthread_create))[argc];
#else
  (void)argc;
  return 0;
#endif
}

Determining if the function pthread_create exists in the pthreads failed with the following output:
Change Dir: /home/kalyco/mfp_workspace/build/stereo_image_proc/CMakeFiles/CMakeTmp

Run Build Command:"/usr/bin/make" "cmTC_e5c9a/fast"
/usr/bin/make -f CMakeFiles/cmTC_e5c9a.dir/build.make CMakeFiles/cmTC_e5c9a.dir/build
make[1]: Entering directory '/home/kalyco/mfp_workspace/build/stereo_image_proc/CMakeFiles/CMakeTmp'
Building C object CMakeFiles/cmTC_e5c9a.dir/CheckFunctionExists.c.o
/usr/bin/cc   -DCHECK_FUNCTION_EXISTS=pthread_create   -o CMakeFiles/cmTC_e5c9a.dir/CheckFunctionExists.c.o   -c /usr/local/share/cmake-3.12/Modules/CheckFunctionExists.c
Linking C executable cmTC_e5c9a
/usr/local/bin/cmake -E cmake_link_script CMakeFiles/cmTC_e5c9a.dir/link.txt --verbose=1
/usr/bin/cc  -DCHECK_FUNCTION_EXISTS=pthread_create    -rdynamic CMakeFiles/cmTC_e5c9a.dir/CheckFunctionExists.c.o  -o cmTC_e5c9a -lpthreads 
/usr/bin/ld: cannot find -lpthreads
collect2: error: ld returned 1 exit status
CMakeFiles/cmTC_e5c9a.dir/build.make:86: recipe for target 'cmTC_e5c9a' failed
make[1]: *** [cmTC_e5c9a] Error 1
make[1]: Leaving directory '/home/kalyco/mfp_workspace/build/stereo_image_proc/CMakeFiles/CMakeTmp'
Makefile:121: recipe for target 'cmTC_e5c9a/fast' failed
make: *** [cmTC_e5c9a/fast] Error 2


