Determining if the pthread_create exist failed with the following output:
Change Dir: /home/kalyco/mfp_workspace/build/depth_image_proc/CMakeFiles/CMakeTmp

Run Build Command:"/usr/bin/make" "cmTC_8a98d/fast"
/usr/bin/make -f CMakeFiles/cmTC_8a98d.dir/build.make CMakeFiles/cmTC_8a98d.dir/build
make[1]: Entering directory '/home/kalyco/mfp_workspace/build/depth_image_proc/CMakeFiles/CMakeTmp'
Building C object CMakeFiles/cmTC_8a98d.dir/CheckSymbolExists.c.o
/usr/bin/cc    -o CMakeFiles/cmTC_8a98d.dir/CheckSymbolExists.c.o   -c /home/kalyco/mfp_workspace/build/depth_image_proc/CMakeFiles/CMakeTmp/CheckSymbolExists.c
Linking C executable cmTC_8a98d
/usr/local/bin/cmake -E cmake_link_script CMakeFiles/cmTC_8a98d.dir/link.txt --verbose=1
/usr/bin/cc      -rdynamic CMakeFiles/cmTC_8a98d.dir/CheckSymbolExists.c.o  -o cmTC_8a98d 
CMakeFiles/cmTC_8a98d.dir/CheckSymbolExists.c.o: In function `main':
CheckSymbolExists.c:(.text+0x16): undefined reference to `pthread_create'
collect2: error: ld returned 1 exit status
CMakeFiles/cmTC_8a98d.dir/build.make:86: recipe for target 'cmTC_8a98d' failed
make[1]: *** [cmTC_8a98d] Error 1
make[1]: Leaving directory '/home/kalyco/mfp_workspace/build/depth_image_proc/CMakeFiles/CMakeTmp'
Makefile:121: recipe for target 'cmTC_8a98d/fast' failed
make: *** [cmTC_8a98d/fast] Error 2

File /home/kalyco/mfp_workspace/build/depth_image_proc/CMakeFiles/CMakeTmp/CheckSymbolExists.c:
/* */
#include <pthread.h>

int main(int argc, char** argv)
{
  (void)argv;
#ifndef pthread_create
  return ((int*)(&pthread_create))[argc];
#else
  (void)argc;
  return 0;
#endif
}

Determining if the function pthread_create exists in the pthreads failed with the following output:
Change Dir: /home/kalyco/mfp_workspace/build/depth_image_proc/CMakeFiles/CMakeTmp

Run Build Command:"/usr/bin/make" "cmTC_336f9/fast"
/usr/bin/make -f CMakeFiles/cmTC_336f9.dir/build.make CMakeFiles/cmTC_336f9.dir/build
make[1]: Entering directory '/home/kalyco/mfp_workspace/build/depth_image_proc/CMakeFiles/CMakeTmp'
Building C object CMakeFiles/cmTC_336f9.dir/CheckFunctionExists.c.o
/usr/bin/cc   -DCHECK_FUNCTION_EXISTS=pthread_create   -o CMakeFiles/cmTC_336f9.dir/CheckFunctionExists.c.o   -c /usr/local/share/cmake-3.12/Modules/CheckFunctionExists.c
Linking C executable cmTC_336f9
/usr/local/bin/cmake -E cmake_link_script CMakeFiles/cmTC_336f9.dir/link.txt --verbose=1
/usr/bin/cc  -DCHECK_FUNCTION_EXISTS=pthread_create    -rdynamic CMakeFiles/cmTC_336f9.dir/CheckFunctionExists.c.o  -o cmTC_336f9 -lpthreads 
/usr/bin/ld: cannot find -lpthreads
collect2: error: ld returned 1 exit status
CMakeFiles/cmTC_336f9.dir/build.make:86: recipe for target 'cmTC_336f9' failed
make[1]: *** [cmTC_336f9] Error 1
make[1]: Leaving directory '/home/kalyco/mfp_workspace/build/depth_image_proc/CMakeFiles/CMakeTmp'
Makefile:121: recipe for target 'cmTC_336f9/fast' failed
make: *** [cmTC_336f9/fast] Error 2


