The system is: Linux - 4.15.0-64-generic - x86_64
Compiling the C compiler identification source file "CMakeCCompilerId.c" succeeded.
Compiler: /usr/bin/cc 
Build flags: 
Id flags:  

The output was:
0


Compilation of the C compiler identification source "CMakeCCompilerId.c" produced "a.out"

The C compiler identification is GNU, found in "/home/kalyco/mfp_workspace/build/darknet_ros/CMakeFiles/3.12.4/CompilerIdC/a.out"

Compiling the CXX compiler identification source file "CMakeCXXCompilerId.cpp" succeeded.
Compiler: /usr/bin/c++ 
Build flags: 
Id flags:  

The output was:
0


Compilation of the CXX compiler identification source "CMakeCXXCompilerId.cpp" produced "a.out"

The CXX compiler identification is Clang, found in "/home/kalyco/mfp_workspace/build/darknet_ros/CMakeFiles/3.12.4/CompilerIdCXX/a.out"

Compiling the CUDA compiler identification source file "CMakeCUDACompilerId.cu" succeeded.
Compiler: /usr/local/cuda-8.0/bin/nvcc 
Build flags: 
Id flags:  -v;--keep;--keep-dir;tmp

The output was:
0
nvcc warning : The 'compute_20', 'sm_20', and 'sm_21' architectures are deprecated, and may be removed in a future release (Use -Wno-deprecated-gpu-targets to suppress warning).
#$ _SPACE_= 
#$ _CUDART_=cudart
#$ _HERE_=/usr/local/cuda-8.0/bin
#$ _THERE_=/usr/local/cuda-8.0/bin
#$ _TARGET_SIZE_=
#$ _TARGET_DIR_=
#$ _TARGET_DIR_=targets/x86_64-linux
#$ TOP=/usr/local/cuda-8.0/bin/..
#$ NVVMIR_LIBRARY_DIR=/usr/local/cuda-8.0/bin/../nvvm/libdevice
#$ LD_LIBRARY_PATH=/usr/local/cuda-8.0/bin/../lib:/home/kalyco/mfp_workspace/devel/lib:/opt/ros/kinetic/lib:/opt/ros/kinetic/lib/x86_64-linux-gnu
#$ PATH=/usr/local/cuda-8.0/bin/../open64/bin:/usr/local/cuda-8.0/bin/../nvvm/bin:/usr/local/cuda-8.0/bin:/opt/ros/kinetic/bin:/home/kalyco/bin:/home/kalyco/.local/bin:/usr/local/sbin:/usr/local/bin:/usr/sbin:/usr/bin:/sbin:/bin:/usr/games:/usr/local/games:/snap/bin
#$ INCLUDES="-I/usr/local/cuda-8.0/bin/../targets/x86_64-linux/include"  
#$ LIBRARIES=  "-L/usr/local/cuda-8.0/bin/../targets/x86_64-linux/lib/stubs" "-L/usr/local/cuda-8.0/bin/../targets/x86_64-linux/lib"
#$ CUDAFE_FLAGS=
#$ PTXAS_FLAGS=
#$ rm tmp/a_dlink.reg.c
#$ gcc -D__CUDA_ARCH__=200 -E -x c++           -DCUDA_DOUBLE_MATH_FUNCTIONS  -D__CUDACC__ -D__NVCC__  "-I/usr/local/cuda-8.0/bin/../targets/x86_64-linux/include"   -D"__CUDACC_VER__=80062" -D"__CUDACC_VER_BUILD__=62" -D"__CUDACC_VER_MINOR__=0" -D"__CUDACC_VER_MAJOR__=8" -include "cuda_runtime.h" -m64 "CMakeCUDACompilerId.cu" > "tmp/CMakeCUDACompilerId.cpp1.ii" 
#$ cudafe --allow_managed --m64 --gnu_version=50400 -tused --no_remove_unneeded_entities  --gen_c_file_name "tmp/CMakeCUDACompilerId.cudafe1.c" --stub_file_name "tmp/CMakeCUDACompilerId.cudafe1.stub.c" --gen_device_file_name "tmp/CMakeCUDACompilerId.cudafe1.gpu" --nv_arch "compute_20" --gen_module_id_file --module_id_file_name "tmp/CMakeCUDACompilerId.module_id" --include_file_name "CMakeCUDACompilerId.fatbin.c" "tmp/CMakeCUDACompilerId.cpp1.ii" 
#$ gcc -E -x c++ -D__CUDACC__ -D__NVCC__  "-I/usr/local/cuda-8.0/bin/../targets/x86_64-linux/include"   -D"__CUDACC_VER__=80062" -D"__CUDACC_VER_BUILD__=62" -D"__CUDACC_VER_MINOR__=0" -D"__CUDACC_VER_MAJOR__=8" -include "cuda_runtime.h" -m64 "CMakeCUDACompilerId.cu" > "tmp/CMakeCUDACompilerId.cpp4.ii" 
#$ cudafe++ --allow_managed --m64 --gnu_version=50400 --parse_templates  --gen_c_file_name "tmp/CMakeCUDACompilerId.cudafe1.cpp" --stub_file_name "CMakeCUDACompilerId.cudafe1.stub.c" --module_id_file_name "tmp/CMakeCUDACompilerId.module_id" "tmp/CMakeCUDACompilerId.cpp4.ii" 
#$ gcc -D__CUDA_ARCH__=200 -E -x c           -DCUDA_DOUBLE_MATH_FUNCTIONS  -D__CUDACC__ -D__NVCC__ -D__CUDANVVM__  -D__CUDA_FTZ=0 -D__CUDA_PREC_DIV=1 -D__CUDA_PREC_SQRT=1 "-I/usr/local/cuda-8.0/bin/../targets/x86_64-linux/include"   -m64 "tmp/CMakeCUDACompilerId.cudafe1.gpu" > "tmp/CMakeCUDACompilerId.cpp2.i" 
#$ cudafe -w --allow_managed --m64 --gnu_version=50400 --c  --gen_c_file_name "tmp/CMakeCUDACompilerId.cudafe2.c" --stub_file_name "tmp/CMakeCUDACompilerId.cudafe2.stub.c" --gen_device_file_name "tmp/CMakeCUDACompilerId.cudafe2.gpu" --nv_arch "compute_20" --module_id_file_name "tmp/CMakeCUDACompilerId.module_id" --include_file_name "CMakeCUDACompilerId.fatbin.c" "tmp/CMakeCUDACompilerId.cpp2.i" 
#$ gcc -D__CUDA_ARCH__=200 -E -x c           -DCUDA_DOUBLE_MATH_FUNCTIONS  -D__CUDABE__ -D__CUDANVVM__ -D__USE_FAST_MATH__=0  -D__CUDA_FTZ=0 -D__CUDA_PREC_DIV=1 -D__CUDA_PREC_SQRT=1 "-I/usr/local/cuda-8.0/bin/../targets/x86_64-linux/include"   -m64 "tmp/CMakeCUDACompilerId.cudafe2.gpu" > "tmp/CMakeCUDACompilerId.cpp3.i" 
#$ cicc  -arch compute_20 -m64 -ftz=0 -prec_div=1 -prec_sqrt=1 -fmad=1 -nvvmir-library "/usr/local/cuda-8.0/bin/../nvvm/libdevice/libdevice.compute_20.10.bc" --orig_src_file_name "CMakeCUDACompilerId.cu"  "tmp/CMakeCUDACompilerId.cpp3.i" -o "tmp/CMakeCUDACompilerId.ptx"
#$ ptxas  -arch=sm_20 -m64  "tmp/CMakeCUDACompilerId.ptx"  -o "tmp/CMakeCUDACompilerId.sm_20.cubin" 
#$ fatbinary --create="tmp/CMakeCUDACompilerId.fatbin" -64 "--image=profile=sm_20,file=tmp/CMakeCUDACompilerId.sm_20.cubin" "--image=profile=compute_20,file=tmp/CMakeCUDACompilerId.ptx" --embedded-fatbin="tmp/CMakeCUDACompilerId.fatbin.c" --cuda
#$ gcc -D__CUDA_ARCH__=200 -E -x c++           -DCUDA_DOUBLE_MATH_FUNCTIONS  -D__USE_FAST_MATH__=0  -D__CUDA_FTZ=0 -D__CUDA_PREC_DIV=1 -D__CUDA_PREC_SQRT=1 "-I/usr/local/cuda-8.0/bin/../targets/x86_64-linux/include"   -m64 "tmp/CMakeCUDACompilerId.cudafe1.cpp" > "tmp/CMakeCUDACompilerId.cu.cpp.ii" 
#$ gcc -c -x c++ "-I/usr/local/cuda-8.0/bin/../targets/x86_64-linux/include"   -fpreprocessed -m64 -o "tmp/CMakeCUDACompilerId.o" "tmp/CMakeCUDACompilerId.cu.cpp.ii" 
#$ nvlink --arch=sm_20 --register-link-binaries="tmp/a_dlink.reg.c" -m64   "-L/usr/local/cuda-8.0/bin/../targets/x86_64-linux/lib/stubs" "-L/usr/local/cuda-8.0/bin/../targets/x86_64-linux/lib" -cpu-arch=X86_64 "tmp/CMakeCUDACompilerId.o"  -o "tmp/a_dlink.sm_20.cubin"
#$ fatbinary --create="tmp/a_dlink.fatbin" -64 -link "--image=profile=sm_20,file=tmp/a_dlink.sm_20.cubin" --embedded-fatbin="tmp/a_dlink.fatbin.c" 
#$ gcc -c -x c++ -DFATBINFILE="\"tmp/a_dlink.fatbin.c\"" -DREGISTERLINKBINARYFILE="\"tmp/a_dlink.reg.c\"" -I. "-I/usr/local/cuda-8.0/bin/../targets/x86_64-linux/include"   -D"__CUDACC_VER__=80062" -D"__CUDACC_VER_BUILD__=62" -D"__CUDACC_VER_MINOR__=0" -D"__CUDACC_VER_MAJOR__=8" -m64 -o "tmp/a_dlink.o" "/usr/local/cuda-8.0/bin/crt/link.stub" 
#$ g++ -m64 -o "a.out" -Wl,--start-group "tmp/a_dlink.o" "tmp/CMakeCUDACompilerId.o"   "-L/usr/local/cuda-8.0/bin/../targets/x86_64-linux/lib/stubs" "-L/usr/local/cuda-8.0/bin/../targets/x86_64-linux/lib" -lcudadevrt  -lcudart_static  -lrt -lpthread  -ldl  -Wl,--end-group 


Compilation of the CUDA compiler identification source "CMakeCUDACompilerId.cu" produced "a.out"

The CUDA compiler identification is NVIDIA, found in "/home/kalyco/mfp_workspace/build/darknet_ros/CMakeFiles/3.12.4/CompilerIdCUDA/a.out"

Parsed CUDA nvcc implicit link information from above output:
  found 'PATH=' string: [/usr/local/cuda-8.0/bin/../open64/bin:/usr/local/cuda-8.0/bin/../nvvm/bin:/usr/local/cuda-8.0/bin:/opt/ros/kinetic/bin:/home/kalyco/bin:/home/kalyco/.local/bin:/usr/local/sbin:/usr/local/bin:/usr/sbin:/usr/bin:/sbin:/bin:/usr/games:/usr/local/games:/snap/bin]
  found 'LIBRARIES=' string: ["-L/usr/local/cuda-8.0/bin/../targets/x86_64-linux/lib/stubs" "-L/usr/local/cuda-8.0/bin/../targets/x86_64-linux/lib"]
  considering line: [nvcc warning : The 'compute_20', 'sm_20', and 'sm_21' architectures are deprecated, and may be removed in a future release (Use -Wno-deprecated-gpu-targets to suppress warning).]
  considering line: [rm tmp/a_dlink.reg.c]
  considering line: [gcc -D__CUDA_ARCH__=200 -E -x c++           -DCUDA_DOUBLE_MATH_FUNCTIONS  -D__CUDACC__ -D__NVCC__  "-I/usr/local/cuda-8.0/bin/../targets/x86_64-linux/include"   -D"__CUDACC_VER__=80062" -D"__CUDACC_VER_BUILD__=62" -D"__CUDACC_VER_MINOR__=0" -D"__CUDACC_VER_MAJOR__=8" -include "cuda_runtime.h" -m64 "CMakeCUDACompilerId.cu" > "tmp/CMakeCUDACompilerId.cpp1.ii" ]
  considering line: [cudafe --allow_managed --m64 --gnu_version=50400 -tused --no_remove_unneeded_entities  --gen_c_file_name "tmp/CMakeCUDACompilerId.cudafe1.c" --stub_file_name "tmp/CMakeCUDACompilerId.cudafe1.stub.c" --gen_device_file_name "tmp/CMakeCUDACompilerId.cudafe1.gpu" --nv_arch "compute_20" --gen_module_id_file --module_id_file_name "tmp/CMakeCUDACompilerId.module_id" --include_file_name "CMakeCUDACompilerId.fatbin.c" "tmp/CMakeCUDACompilerId.cpp1.ii" ]
  considering line: [gcc -E -x c++ -D__CUDACC__ -D__NVCC__  "-I/usr/local/cuda-8.0/bin/../targets/x86_64-linux/include"   -D"__CUDACC_VER__=80062" -D"__CUDACC_VER_BUILD__=62" -D"__CUDACC_VER_MINOR__=0" -D"__CUDACC_VER_MAJOR__=8" -include "cuda_runtime.h" -m64 "CMakeCUDACompilerId.cu" > "tmp/CMakeCUDACompilerId.cpp4.ii" ]
  considering line: [cudafe++ --allow_managed --m64 --gnu_version=50400 --parse_templates  --gen_c_file_name "tmp/CMakeCUDACompilerId.cudafe1.cpp" --stub_file_name "CMakeCUDACompilerId.cudafe1.stub.c" --module_id_file_name "tmp/CMakeCUDACompilerId.module_id" "tmp/CMakeCUDACompilerId.cpp4.ii" ]
  considering line: [gcc -D__CUDA_ARCH__=200 -E -x c           -DCUDA_DOUBLE_MATH_FUNCTIONS  -D__CUDACC__ -D__NVCC__ -D__CUDANVVM__  -D__CUDA_FTZ=0 -D__CUDA_PREC_DIV=1 -D__CUDA_PREC_SQRT=1 "-I/usr/local/cuda-8.0/bin/../targets/x86_64-linux/include"   -m64 "tmp/CMakeCUDACompilerId.cudafe1.gpu" > "tmp/CMakeCUDACompilerId.cpp2.i" ]
  considering line: [cudafe -w --allow_managed --m64 --gnu_version=50400 --c  --gen_c_file_name "tmp/CMakeCUDACompilerId.cudafe2.c" --stub_file_name "tmp/CMakeCUDACompilerId.cudafe2.stub.c" --gen_device_file_name "tmp/CMakeCUDACompilerId.cudafe2.gpu" --nv_arch "compute_20" --module_id_file_name "tmp/CMakeCUDACompilerId.module_id" --include_file_name "CMakeCUDACompilerId.fatbin.c" "tmp/CMakeCUDACompilerId.cpp2.i" ]
  considering line: [gcc -D__CUDA_ARCH__=200 -E -x c           -DCUDA_DOUBLE_MATH_FUNCTIONS  -D__CUDABE__ -D__CUDANVVM__ -D__USE_FAST_MATH__=0  -D__CUDA_FTZ=0 -D__CUDA_PREC_DIV=1 -D__CUDA_PREC_SQRT=1 "-I/usr/local/cuda-8.0/bin/../targets/x86_64-linux/include"   -m64 "tmp/CMakeCUDACompilerId.cudafe2.gpu" > "tmp/CMakeCUDACompilerId.cpp3.i" ]
  considering line: [cicc  -arch compute_20 -m64 -ftz=0 -prec_div=1 -prec_sqrt=1 -fmad=1 -nvvmir-library "/usr/local/cuda-8.0/bin/../nvvm/libdevice/libdevice.compute_20.10.bc" --orig_src_file_name "CMakeCUDACompilerId.cu"  "tmp/CMakeCUDACompilerId.cpp3.i" -o "tmp/CMakeCUDACompilerId.ptx"]
  considering line: [ptxas  -arch=sm_20 -m64  "tmp/CMakeCUDACompilerId.ptx"  -o "tmp/CMakeCUDACompilerId.sm_20.cubin" ]
  considering line: [fatbinary --create="tmp/CMakeCUDACompilerId.fatbin" -64 "--image=profile=sm_20,file=tmp/CMakeCUDACompilerId.sm_20.cubin" "--image=profile=compute_20,file=tmp/CMakeCUDACompilerId.ptx" --embedded-fatbin="tmp/CMakeCUDACompilerId.fatbin.c" --cuda]
  considering line: [gcc -D__CUDA_ARCH__=200 -E -x c++           -DCUDA_DOUBLE_MATH_FUNCTIONS  -D__USE_FAST_MATH__=0  -D__CUDA_FTZ=0 -D__CUDA_PREC_DIV=1 -D__CUDA_PREC_SQRT=1 "-I/usr/local/cuda-8.0/bin/../targets/x86_64-linux/include"   -m64 "tmp/CMakeCUDACompilerId.cudafe1.cpp" > "tmp/CMakeCUDACompilerId.cu.cpp.ii" ]
  considering line: [gcc -c -x c++ "-I/usr/local/cuda-8.0/bin/../targets/x86_64-linux/include"   -fpreprocessed -m64 -o "tmp/CMakeCUDACompilerId.o" "tmp/CMakeCUDACompilerId.cu.cpp.ii" ]
  considering line: [nvlink --arch=sm_20 --register-link-binaries="tmp/a_dlink.reg.c" -m64   "-L/usr/local/cuda-8.0/bin/../targets/x86_64-linux/lib/stubs" "-L/usr/local/cuda-8.0/bin/../targets/x86_64-linux/lib" -cpu-arch=X86_64 "tmp/CMakeCUDACompilerId.o"  -o "tmp/a_dlink.sm_20.cubin"]
    ignoring nvlink line
  considering line: [fatbinary --create="tmp/a_dlink.fatbin" -64 -link "--image=profile=sm_20,file=tmp/a_dlink.sm_20.cubin" --embedded-fatbin="tmp/a_dlink.fatbin.c" ]
  considering line: [gcc -c -x c++ -DFATBINFILE="\"tmp/a_dlink.fatbin.c\"" -DREGISTERLINKBINARYFILE="\"tmp/a_dlink.reg.c\"" -I. "-I/usr/local/cuda-8.0/bin/../targets/x86_64-linux/include"   -D"__CUDACC_VER__=80062" -D"__CUDACC_VER_BUILD__=62" -D"__CUDACC_VER_MINOR__=0" -D"__CUDACC_VER_MAJOR__=8" -m64 -o "tmp/a_dlink.o" "/usr/local/cuda-8.0/bin/crt/link.stub" ]
  considering line: [g++ -m64 -o "a.out" -Wl,--start-group "tmp/a_dlink.o" "tmp/CMakeCUDACompilerId.o"   "-L/usr/local/cuda-8.0/bin/../targets/x86_64-linux/lib/stubs" "-L/usr/local/cuda-8.0/bin/../targets/x86_64-linux/lib" -lcudadevrt  -lcudart_static  -lrt -lpthread  -ldl  -Wl,--end-group ]
    extracted link line: [g++ -m64 -o "a.out" -Wl,--start-group "tmp/a_dlink.o" "tmp/CMakeCUDACompilerId.o"   "-L/usr/local/cuda-8.0/bin/../targets/x86_64-linux/lib/stubs" "-L/usr/local/cuda-8.0/bin/../targets/x86_64-linux/lib" -lcudadevrt  -lcudart_static  -lrt -lpthread  -ldl  -Wl,--end-group ]
  considering line: []
  extracted link launcher name: [g++]
  found link launcher absolute path: [/usr/bin/g++]

  link line regex: [^( *|.*[/\])(ld|CMAKE_LINK_STARTFILE-NOTFOUND|([^/\]+-)?ld|collect2)[^/\]*( |$)]
  link line: [cuda-fake-ld g++ -m64 -o "a.out" -Wl,--start-group "tmp/a_dlink.o" "tmp/CMakeCUDACompilerId.o"   "-L/usr/local/cuda-8.0/bin/../targets/x86_64-linux/lib/stubs" "-L/usr/local/cuda-8.0/bin/../targets/x86_64-linux/lib" -lcudadevrt  -lcudart_static  -lrt -lpthread  -ldl  -Wl,--end-group ]
    arg [cuda-fake-ld] ==> ignore
    arg [g++] ==> ignore
    arg [-m64] ==> ignore
    arg [-o] ==> ignore
    arg [a.out] ==> ignore
    arg [-Wl,--start-group] ==> ignore
    arg [tmp/a_dlink.o] ==> ignore
    arg [tmp/CMakeCUDACompilerId.o] ==> ignore
    arg [-L/usr/local/cuda-8.0/bin/../targets/x86_64-linux/lib/stubs] ==> dir [/usr/local/cuda-8.0/bin/../targets/x86_64-linux/lib/stubs]
    arg [-L/usr/local/cuda-8.0/bin/../targets/x86_64-linux/lib] ==> dir [/usr/local/cuda-8.0/bin/../targets/x86_64-linux/lib]
    arg [-lcudadevrt] ==> lib [cudadevrt]
    arg [-lcudart_static] ==> lib [cudart_static]
    arg [-lrt] ==> lib [rt]
    arg [-lpthread] ==> lib [pthread]
    arg [-ldl] ==> lib [dl]
    arg [-Wl,--end-group] ==> ignore
  collapse library dir [/usr/local/cuda-8.0/bin/../targets/x86_64-linux/lib/stubs] ==> [/usr/local/cuda-8.0/targets/x86_64-linux/lib/stubs]
  collapse library dir [/usr/local/cuda-8.0/bin/../targets/x86_64-linux/lib] ==> [/usr/local/cuda-8.0/targets/x86_64-linux/lib]
  implicit libs: [cudadevrt;cudart_static;rt;pthread;dl]
  implicit dirs: [/usr/local/cuda-8.0/targets/x86_64-linux/lib/stubs;/usr/local/cuda-8.0/targets/x86_64-linux/lib]
  implicit fwks: []


Parsed CUDA nvcc include information from above output:
  found 'PATH=' string: [/usr/local/cuda-8.0/bin/../open64/bin:/usr/local/cuda-8.0/bin/../nvvm/bin:/usr/local/cuda-8.0/bin:/opt/ros/kinetic/bin:/home/kalyco/bin:/home/kalyco/.local/bin:/usr/local/sbin:/usr/local/bin:/usr/sbin:/usr/bin:/sbin:/bin:/usr/games:/usr/local/games:/snap/bin]
  found 'LIBRARIES=' string: ["-L/usr/local/cuda-8.0/bin/../targets/x86_64-linux/lib/stubs" "-L/usr/local/cuda-8.0/bin/../targets/x86_64-linux/lib"]
  considering line: [nvcc warning : The 'compute_20', 'sm_20', and 'sm_21' architectures are deprecated, and may be removed in a future release (Use -Wno-deprecated-gpu-targets to suppress warning).]
  considering line: [rm tmp/a_dlink.reg.c]
  considering line: [gcc -D__CUDA_ARCH__=200 -E -x c++           -DCUDA_DOUBLE_MATH_FUNCTIONS  -D__CUDACC__ -D__NVCC__  "-I/usr/local/cuda-8.0/bin/../targets/x86_64-linux/include"   -D"__CUDACC_VER__=80062" -D"__CUDACC_VER_BUILD__=62" -D"__CUDACC_VER_MINOR__=0" -D"__CUDACC_VER_MAJOR__=8" -include "cuda_runtime.h" -m64 "CMakeCUDACompilerId.cu" > "tmp/CMakeCUDACompilerId.cpp1.ii" ]
  considering line: [cudafe --allow_managed --m64 --gnu_version=50400 -tused --no_remove_unneeded_entities  --gen_c_file_name "tmp/CMakeCUDACompilerId.cudafe1.c" --stub_file_name "tmp/CMakeCUDACompilerId.cudafe1.stub.c" --gen_device_file_name "tmp/CMakeCUDACompilerId.cudafe1.gpu" --nv_arch "compute_20" --gen_module_id_file --module_id_file_name "tmp/CMakeCUDACompilerId.module_id" --include_file_name "CMakeCUDACompilerId.fatbin.c" "tmp/CMakeCUDACompilerId.cpp1.ii" ]
  considering line: [gcc -E -x c++ -D__CUDACC__ -D__NVCC__  "-I/usr/local/cuda-8.0/bin/../targets/x86_64-linux/include"   -D"__CUDACC_VER__=80062" -D"__CUDACC_VER_BUILD__=62" -D"__CUDACC_VER_MINOR__=0" -D"__CUDACC_VER_MAJOR__=8" -include "cuda_runtime.h" -m64 "CMakeCUDACompilerId.cu" > "tmp/CMakeCUDACompilerId.cpp4.ii" ]
  considering line: [cudafe++ --allow_managed --m64 --gnu_version=50400 --parse_templates  --gen_c_file_name "tmp/CMakeCUDACompilerId.cudafe1.cpp" --stub_file_name "CMakeCUDACompilerId.cudafe1.stub.c" --module_id_file_name "tmp/CMakeCUDACompilerId.module_id" "tmp/CMakeCUDACompilerId.cpp4.ii" ]
  considering line: [gcc -D__CUDA_ARCH__=200 -E -x c           -DCUDA_DOUBLE_MATH_FUNCTIONS  -D__CUDACC__ -D__NVCC__ -D__CUDANVVM__  -D__CUDA_FTZ=0 -D__CUDA_PREC_DIV=1 -D__CUDA_PREC_SQRT=1 "-I/usr/local/cuda-8.0/bin/../targets/x86_64-linux/include"   -m64 "tmp/CMakeCUDACompilerId.cudafe1.gpu" > "tmp/CMakeCUDACompilerId.cpp2.i" ]
  considering line: [cudafe -w --allow_managed --m64 --gnu_version=50400 --c  --gen_c_file_name "tmp/CMakeCUDACompilerId.cudafe2.c" --stub_file_name "tmp/CMakeCUDACompilerId.cudafe2.stub.c" --gen_device_file_name "tmp/CMakeCUDACompilerId.cudafe2.gpu" --nv_arch "compute_20" --module_id_file_name "tmp/CMakeCUDACompilerId.module_id" --include_file_name "CMakeCUDACompilerId.fatbin.c" "tmp/CMakeCUDACompilerId.cpp2.i" ]
  considering line: [gcc -D__CUDA_ARCH__=200 -E -x c           -DCUDA_DOUBLE_MATH_FUNCTIONS  -D__CUDABE__ -D__CUDANVVM__ -D__USE_FAST_MATH__=0  -D__CUDA_FTZ=0 -D__CUDA_PREC_DIV=1 -D__CUDA_PREC_SQRT=1 "-I/usr/local/cuda-8.0/bin/../targets/x86_64-linux/include"   -m64 "tmp/CMakeCUDACompilerId.cudafe2.gpu" > "tmp/CMakeCUDACompilerId.cpp3.i" ]
  considering line: [cicc  -arch compute_20 -m64 -ftz=0 -prec_div=1 -prec_sqrt=1 -fmad=1 -nvvmir-library "/usr/local/cuda-8.0/bin/../nvvm/libdevice/libdevice.compute_20.10.bc" --orig_src_file_name "CMakeCUDACompilerId.cu"  "tmp/CMakeCUDACompilerId.cpp3.i" -o "tmp/CMakeCUDACompilerId.ptx"]
  considering line: [ptxas  -arch=sm_20 -m64  "tmp/CMakeCUDACompilerId.ptx"  -o "tmp/CMakeCUDACompilerId.sm_20.cubin" ]
  considering line: [fatbinary --create="tmp/CMakeCUDACompilerId.fatbin" -64 "--image=profile=sm_20,file=tmp/CMakeCUDACompilerId.sm_20.cubin" "--image=profile=compute_20,file=tmp/CMakeCUDACompilerId.ptx" --embedded-fatbin="tmp/CMakeCUDACompilerId.fatbin.c" --cuda]
  considering line: [gcc -D__CUDA_ARCH__=200 -E -x c++           -DCUDA_DOUBLE_MATH_FUNCTIONS  -D__USE_FAST_MATH__=0  -D__CUDA_FTZ=0 -D__CUDA_PREC_DIV=1 -D__CUDA_PREC_SQRT=1 "-I/usr/local/cuda-8.0/bin/../targets/x86_64-linux/include"   -m64 "tmp/CMakeCUDACompilerId.cudafe1.cpp" > "tmp/CMakeCUDACompilerId.cu.cpp.ii" ]
  considering line: [gcc -c -x c++ "-I/usr/local/cuda-8.0/bin/../targets/x86_64-linux/include"   -fpreprocessed -m64 -o "tmp/CMakeCUDACompilerId.o" "tmp/CMakeCUDACompilerId.cu.cpp.ii" ]
  considering line: [nvlink --arch=sm_20 --register-link-binaries="tmp/a_dlink.reg.c" -m64   "-L/usr/local/cuda-8.0/bin/../targets/x86_64-linux/lib/stubs" "-L/usr/local/cuda-8.0/bin/../targets/x86_64-linux/lib" -cpu-arch=X86_64 "tmp/CMakeCUDACompilerId.o"  -o "tmp/a_dlink.sm_20.cubin"]
    ignoring nvlink line
  considering line: [fatbinary --create="tmp/a_dlink.fatbin" -64 -link "--image=profile=sm_20,file=tmp/a_dlink.sm_20.cubin" --embedded-fatbin="tmp/a_dlink.fatbin.c" ]
  considering line: [gcc -c -x c++ -DFATBINFILE="\"tmp/a_dlink.fatbin.c\"" -DREGISTERLINKBINARYFILE="\"tmp/a_dlink.reg.c\"" -I. "-I/usr/local/cuda-8.0/bin/../targets/x86_64-linux/include"   -D"__CUDACC_VER__=80062" -D"__CUDACC_VER_BUILD__=62" -D"__CUDACC_VER_MINOR__=0" -D"__CUDACC_VER_MAJOR__=8" -m64 -o "tmp/a_dlink.o" "/usr/local/cuda-8.0/bin/crt/link.stub" ]
  considering line: [g++ -m64 -o "a.out" -Wl,--start-group "tmp/a_dlink.o" "tmp/CMakeCUDACompilerId.o"   "-L/usr/local/cuda-8.0/bin/../targets/x86_64-linux/lib/stubs" "-L/usr/local/cuda-8.0/bin/../targets/x86_64-linux/lib" -lcudadevrt  -lcudart_static  -lrt -lpthread  -ldl  -Wl,--end-group ]
    extracted link line: [g++ -m64 -o "a.out" -Wl,--start-group "tmp/a_dlink.o" "tmp/CMakeCUDACompilerId.o"   "-L/usr/local/cuda-8.0/bin/../targets/x86_64-linux/lib/stubs" "-L/usr/local/cuda-8.0/bin/../targets/x86_64-linux/lib" -lcudadevrt  -lcudart_static  -lrt -lpthread  -ldl  -Wl,--end-group ]
  considering line: []
  extracted link launcher name: [g++]
  found link launcher absolute path: [/usr/bin/g++]
  found 'INCLUDES=' string: ["-I/usr/local/cuda-8.0/bin/../targets/x86_64-linux/include"  ]

  link line regex: [^( *|.*[/\])(ld|CMAKE_LINK_STARTFILE-NOTFOUND|([^/\]+-)?ld|collect2)[^/\]*( |$)]
  link line: [cuda-fake-ld g++ -m64 -o "a.out" -Wl,--start-group "tmp/a_dlink.o" "tmp/CMakeCUDACompilerId.o"   "-L/usr/local/cuda-8.0/bin/../targets/x86_64-linux/lib/stubs" "-L/usr/local/cuda-8.0/bin/../targets/x86_64-linux/lib" -lcudadevrt  -lcudart_static  -lrt -lpthread  -ldl  -Wl,--end-group ]
    arg [cuda-fake-ld] ==> ignore
    arg [g++] ==> ignore
    arg [-m64] ==> ignore
    arg [-o] ==> ignore
    arg [a.out] ==> ignore
    arg [-Wl,--start-group] ==> ignore
    arg [tmp/a_dlink.o] ==> ignore
    arg [tmp/CMakeCUDACompilerId.o] ==> ignore
    arg [-L/usr/local/cuda-8.0/bin/../targets/x86_64-linux/lib/stubs] ==> dir [/usr/local/cuda-8.0/bin/../targets/x86_64-linux/lib/stubs]
    arg [-L/usr/local/cuda-8.0/bin/../targets/x86_64-linux/lib] ==> dir [/usr/local/cuda-8.0/bin/../targets/x86_64-linux/lib]
    arg [-lcudadevrt] ==> lib [cudadevrt]
    arg [-lcudart_static] ==> lib [cudart_static]
    arg [-lrt] ==> lib [rt]
    arg [-lpthread] ==> lib [pthread]
    arg [-ldl] ==> lib [dl]
    arg [-Wl,--end-group] ==> ignore
  collapse library dir [/usr/local/cuda-8.0/bin/../targets/x86_64-linux/lib/stubs] ==> [/usr/local/cuda-8.0/targets/x86_64-linux/lib/stubs]
  collapse library dir [/usr/local/cuda-8.0/bin/../targets/x86_64-linux/lib] ==> [/usr/local/cuda-8.0/targets/x86_64-linux/lib]
  implicit libs: [cudadevrt;cudart_static;rt;pthread;dl]
  implicit dirs: [/usr/local/cuda-8.0/targets/x86_64-linux/lib/stubs;/usr/local/cuda-8.0/targets/x86_64-linux/lib]
  implicit fwks: []


Determining if the C compiler works passed with the following output:
Change Dir: /home/kalyco/mfp_workspace/build/darknet_ros/CMakeFiles/CMakeTmp

Run Build Command:"/usr/bin/make" "cmTC_de51a/fast"
/usr/bin/make -f CMakeFiles/cmTC_de51a.dir/build.make CMakeFiles/cmTC_de51a.dir/build
make[1]: Entering directory '/home/kalyco/mfp_workspace/build/darknet_ros/CMakeFiles/CMakeTmp'
Building C object CMakeFiles/cmTC_de51a.dir/testCCompiler.c.o
/usr/bin/cc    -o CMakeFiles/cmTC_de51a.dir/testCCompiler.c.o   -c /home/kalyco/mfp_workspace/build/darknet_ros/CMakeFiles/CMakeTmp/testCCompiler.c
Linking C executable cmTC_de51a
/usr/local/bin/cmake -E cmake_link_script CMakeFiles/cmTC_de51a.dir/link.txt --verbose=1
/usr/bin/cc      -rdynamic CMakeFiles/cmTC_de51a.dir/testCCompiler.c.o  -o cmTC_de51a 
make[1]: Leaving directory '/home/kalyco/mfp_workspace/build/darknet_ros/CMakeFiles/CMakeTmp'


Detecting C compiler ABI info compiled with the following output:
Change Dir: /home/kalyco/mfp_workspace/build/darknet_ros/CMakeFiles/CMakeTmp

Run Build Command:"/usr/bin/make" "cmTC_c21c6/fast"
/usr/bin/make -f CMakeFiles/cmTC_c21c6.dir/build.make CMakeFiles/cmTC_c21c6.dir/build
make[1]: Entering directory '/home/kalyco/mfp_workspace/build/darknet_ros/CMakeFiles/CMakeTmp'
Building C object CMakeFiles/cmTC_c21c6.dir/CMakeCCompilerABI.c.o
/usr/bin/cc    -o CMakeFiles/cmTC_c21c6.dir/CMakeCCompilerABI.c.o   -c /usr/local/share/cmake-3.12/Modules/CMakeCCompilerABI.c
Linking C executable cmTC_c21c6
/usr/local/bin/cmake -E cmake_link_script CMakeFiles/cmTC_c21c6.dir/link.txt --verbose=1
/usr/bin/cc     -v -rdynamic CMakeFiles/cmTC_c21c6.dir/CMakeCCompilerABI.c.o  -o cmTC_c21c6 
Using built-in specs.
COLLECT_GCC=/usr/bin/cc
COLLECT_LTO_WRAPPER=/usr/lib/gcc/x86_64-linux-gnu/5/lto-wrapper
Target: x86_64-linux-gnu
Configured with: ../src/configure -v --with-pkgversion='Ubuntu 5.4.0-6ubuntu1~16.04.11' --with-bugurl=file:///usr/share/doc/gcc-5/README.Bugs --enable-languages=c,ada,c++,java,go,d,fortran,objc,obj-c++ --prefix=/usr --program-suffix=-5 --enable-shared --enable-linker-build-id --libexecdir=/usr/lib --without-included-gettext --enable-threads=posix --libdir=/usr/lib --enable-nls --with-sysroot=/ --enable-clocale=gnu --enable-libstdcxx-debug --enable-libstdcxx-time=yes --with-default-libstdcxx-abi=new --enable-gnu-unique-object --disable-vtable-verify --enable-libmpx --enable-plugin --with-system-zlib --disable-browser-plugin --enable-java-awt=gtk --enable-gtk-cairo --with-java-home=/usr/lib/jvm/java-1.5.0-gcj-5-amd64/jre --enable-java-home --with-jvm-root-dir=/usr/lib/jvm/java-1.5.0-gcj-5-amd64 --with-jvm-jar-dir=/usr/lib/jvm-exports/java-1.5.0-gcj-5-amd64 --with-arch-directory=amd64 --with-ecj-jar=/usr/share/java/eclipse-ecj.jar --enable-objc-gc --enable-multiarch --disable-werror --with-arch-32=i686 --with-abi=m64 --with-multilib-list=m32,m64,mx32 --enable-multilib --with-tune=generic --enable-checking=release --build=x86_64-linux-gnu --host=x86_64-linux-gnu --target=x86_64-linux-gnu
Thread model: posix
gcc version 5.4.0 20160609 (Ubuntu 5.4.0-6ubuntu1~16.04.11) 
COMPILER_PATH=/usr/lib/gcc/x86_64-linux-gnu/5/:/usr/lib/gcc/x86_64-linux-gnu/5/:/usr/lib/gcc/x86_64-linux-gnu/:/usr/lib/gcc/x86_64-linux-gnu/5/:/usr/lib/gcc/x86_64-linux-gnu/
LIBRARY_PATH=/usr/lib/gcc/x86_64-linux-gnu/5/:/usr/lib/gcc/x86_64-linux-gnu/5/../../../x86_64-linux-gnu/:/usr/lib/gcc/x86_64-linux-gnu/5/../../../../lib/:/lib/x86_64-linux-gnu/:/lib/../lib/:/usr/lib/x86_64-linux-gnu/:/usr/lib/../lib/:/usr/lib/gcc/x86_64-linux-gnu/5/../../../:/lib/:/usr/lib/
COLLECT_GCC_OPTIONS='-v' '-rdynamic' '-o' 'cmTC_c21c6' '-mtune=generic' '-march=x86-64'
 /usr/lib/gcc/x86_64-linux-gnu/5/collect2 -plugin /usr/lib/gcc/x86_64-linux-gnu/5/liblto_plugin.so -plugin-opt=/usr/lib/gcc/x86_64-linux-gnu/5/lto-wrapper -plugin-opt=-fresolution=/tmp/cc7V7fvw.res -plugin-opt=-pass-through=-lgcc -plugin-opt=-pass-through=-lgcc_s -plugin-opt=-pass-through=-lc -plugin-opt=-pass-through=-lgcc -plugin-opt=-pass-through=-lgcc_s --sysroot=/ --build-id --eh-frame-hdr -m elf_x86_64 --hash-style=gnu --as-needed -export-dynamic -dynamic-linker /lib64/ld-linux-x86-64.so.2 -z relro -o cmTC_c21c6 /usr/lib/gcc/x86_64-linux-gnu/5/../../../x86_64-linux-gnu/crt1.o /usr/lib/gcc/x86_64-linux-gnu/5/../../../x86_64-linux-gnu/crti.o /usr/lib/gcc/x86_64-linux-gnu/5/crtbegin.o -L/usr/lib/gcc/x86_64-linux-gnu/5 -L/usr/lib/gcc/x86_64-linux-gnu/5/../../../x86_64-linux-gnu -L/usr/lib/gcc/x86_64-linux-gnu/5/../../../../lib -L/lib/x86_64-linux-gnu -L/lib/../lib -L/usr/lib/x86_64-linux-gnu -L/usr/lib/../lib -L/usr/lib/gcc/x86_64-linux-gnu/5/../../.. CMakeFiles/cmTC_c21c6.dir/CMakeCCompilerABI.c.o -lgcc --as-needed -lgcc_s --no-as-needed -lc -lgcc --as-needed -lgcc_s --no-as-needed /usr/lib/gcc/x86_64-linux-gnu/5/crtend.o /usr/lib/gcc/x86_64-linux-gnu/5/../../../x86_64-linux-gnu/crtn.o
make[1]: Leaving directory '/home/kalyco/mfp_workspace/build/darknet_ros/CMakeFiles/CMakeTmp'


Parsed C implicit link information from above output:
  link line regex: [^( *|.*[/\])(ld|CMAKE_LINK_STARTFILE-NOTFOUND|([^/\]+-)?ld|collect2)[^/\]*( |$)]
  ignore line: [Change Dir: /home/kalyco/mfp_workspace/build/darknet_ros/CMakeFiles/CMakeTmp]
  ignore line: []
  ignore line: [Run Build Command:"/usr/bin/make" "cmTC_c21c6/fast"]
  ignore line: [/usr/bin/make -f CMakeFiles/cmTC_c21c6.dir/build.make CMakeFiles/cmTC_c21c6.dir/build]
  ignore line: [make[1]: Entering directory '/home/kalyco/mfp_workspace/build/darknet_ros/CMakeFiles/CMakeTmp']
  ignore line: [Building C object CMakeFiles/cmTC_c21c6.dir/CMakeCCompilerABI.c.o]
  ignore line: [/usr/bin/cc    -o CMakeFiles/cmTC_c21c6.dir/CMakeCCompilerABI.c.o   -c /usr/local/share/cmake-3.12/Modules/CMakeCCompilerABI.c]
  ignore line: [Linking C executable cmTC_c21c6]
  ignore line: [/usr/local/bin/cmake -E cmake_link_script CMakeFiles/cmTC_c21c6.dir/link.txt --verbose=1]
  ignore line: [/usr/bin/cc     -v -rdynamic CMakeFiles/cmTC_c21c6.dir/CMakeCCompilerABI.c.o  -o cmTC_c21c6 ]
  ignore line: [Using built-in specs.]
  ignore line: [COLLECT_GCC=/usr/bin/cc]
  ignore line: [COLLECT_LTO_WRAPPER=/usr/lib/gcc/x86_64-linux-gnu/5/lto-wrapper]
  ignore line: [Target: x86_64-linux-gnu]
  ignore line: [Configured with: ../src/configure -v --with-pkgversion='Ubuntu 5.4.0-6ubuntu1~16.04.11' --with-bugurl=file:///usr/share/doc/gcc-5/README.Bugs --enable-languages=c,ada,c++,java,go,d,fortran,objc,obj-c++ --prefix=/usr --program-suffix=-5 --enable-shared --enable-linker-build-id --libexecdir=/usr/lib --without-included-gettext --enable-threads=posix --libdir=/usr/lib --enable-nls --with-sysroot=/ --enable-clocale=gnu --enable-libstdcxx-debug --enable-libstdcxx-time=yes --with-default-libstdcxx-abi=new --enable-gnu-unique-object --disable-vtable-verify --enable-libmpx --enable-plugin --with-system-zlib --disable-browser-plugin --enable-java-awt=gtk --enable-gtk-cairo --with-java-home=/usr/lib/jvm/java-1.5.0-gcj-5-amd64/jre --enable-java-home --with-jvm-root-dir=/usr/lib/jvm/java-1.5.0-gcj-5-amd64 --with-jvm-jar-dir=/usr/lib/jvm-exports/java-1.5.0-gcj-5-amd64 --with-arch-directory=amd64 --with-ecj-jar=/usr/share/java/eclipse-ecj.jar --enable-objc-gc --enable-multiarch --disable-werror --with-arch-32=i686 --with-abi=m64 --with-multilib-list=m32,m64,mx32 --enable-multilib --with-tune=generic --enable-checking=release --build=x86_64-linux-gnu --host=x86_64-linux-gnu --target=x86_64-linux-gnu]
  ignore line: [Thread model: posix]
  ignore line: [gcc version 5.4.0 20160609 (Ubuntu 5.4.0-6ubuntu1~16.04.11) ]
  ignore line: [COMPILER_PATH=/usr/lib/gcc/x86_64-linux-gnu/5/:/usr/lib/gcc/x86_64-linux-gnu/5/:/usr/lib/gcc/x86_64-linux-gnu/:/usr/lib/gcc/x86_64-linux-gnu/5/:/usr/lib/gcc/x86_64-linux-gnu/]
  ignore line: [LIBRARY_PATH=/usr/lib/gcc/x86_64-linux-gnu/5/:/usr/lib/gcc/x86_64-linux-gnu/5/../../../x86_64-linux-gnu/:/usr/lib/gcc/x86_64-linux-gnu/5/../../../../lib/:/lib/x86_64-linux-gnu/:/lib/../lib/:/usr/lib/x86_64-linux-gnu/:/usr/lib/../lib/:/usr/lib/gcc/x86_64-linux-gnu/5/../../../:/lib/:/usr/lib/]
  ignore line: [COLLECT_GCC_OPTIONS='-v' '-rdynamic' '-o' 'cmTC_c21c6' '-mtune=generic' '-march=x86-64']
  link line: [ /usr/lib/gcc/x86_64-linux-gnu/5/collect2 -plugin /usr/lib/gcc/x86_64-linux-gnu/5/liblto_plugin.so -plugin-opt=/usr/lib/gcc/x86_64-linux-gnu/5/lto-wrapper -plugin-opt=-fresolution=/tmp/cc7V7fvw.res -plugin-opt=-pass-through=-lgcc -plugin-opt=-pass-through=-lgcc_s -plugin-opt=-pass-through=-lc -plugin-opt=-pass-through=-lgcc -plugin-opt=-pass-through=-lgcc_s --sysroot=/ --build-id --eh-frame-hdr -m elf_x86_64 --hash-style=gnu --as-needed -export-dynamic -dynamic-linker /lib64/ld-linux-x86-64.so.2 -z relro -o cmTC_c21c6 /usr/lib/gcc/x86_64-linux-gnu/5/../../../x86_64-linux-gnu/crt1.o /usr/lib/gcc/x86_64-linux-gnu/5/../../../x86_64-linux-gnu/crti.o /usr/lib/gcc/x86_64-linux-gnu/5/crtbegin.o -L/usr/lib/gcc/x86_64-linux-gnu/5 -L/usr/lib/gcc/x86_64-linux-gnu/5/../../../x86_64-linux-gnu -L/usr/lib/gcc/x86_64-linux-gnu/5/../../../../lib -L/lib/x86_64-linux-gnu -L/lib/../lib -L/usr/lib/x86_64-linux-gnu -L/usr/lib/../lib -L/usr/lib/gcc/x86_64-linux-gnu/5/../../.. CMakeFiles/cmTC_c21c6.dir/CMakeCCompilerABI.c.o -lgcc --as-needed -lgcc_s --no-as-needed -lc -lgcc --as-needed -lgcc_s --no-as-needed /usr/lib/gcc/x86_64-linux-gnu/5/crtend.o /usr/lib/gcc/x86_64-linux-gnu/5/../../../x86_64-linux-gnu/crtn.o]
    arg [/usr/lib/gcc/x86_64-linux-gnu/5/collect2] ==> ignore
    arg [-plugin] ==> ignore
    arg [/usr/lib/gcc/x86_64-linux-gnu/5/liblto_plugin.so] ==> ignore
    arg [-plugin-opt=/usr/lib/gcc/x86_64-linux-gnu/5/lto-wrapper] ==> ignore
    arg [-plugin-opt=-fresolution=/tmp/cc7V7fvw.res] ==> ignore
    arg [-plugin-opt=-pass-through=-lgcc] ==> ignore
    arg [-plugin-opt=-pass-through=-lgcc_s] ==> ignore
    arg [-plugin-opt=-pass-through=-lc] ==> ignore
    arg [-plugin-opt=-pass-through=-lgcc] ==> ignore
    arg [-plugin-opt=-pass-through=-lgcc_s] ==> ignore
    arg [--sysroot=/] ==> ignore
    arg [--build-id] ==> ignore
    arg [--eh-frame-hdr] ==> ignore
    arg [-m] ==> ignore
    arg [elf_x86_64] ==> ignore
    arg [--hash-style=gnu] ==> ignore
    arg [--as-needed] ==> ignore
    arg [-export-dynamic] ==> ignore
    arg [-dynamic-linker] ==> ignore
    arg [/lib64/ld-linux-x86-64.so.2] ==> ignore
    arg [-zrelro] ==> ignore
    arg [-o] ==> ignore
    arg [cmTC_c21c6] ==> ignore
    arg [/usr/lib/gcc/x86_64-linux-gnu/5/../../../x86_64-linux-gnu/crt1.o] ==> ignore
    arg [/usr/lib/gcc/x86_64-linux-gnu/5/../../../x86_64-linux-gnu/crti.o] ==> ignore
    arg [/usr/lib/gcc/x86_64-linux-gnu/5/crtbegin.o] ==> ignore
    arg [-L/usr/lib/gcc/x86_64-linux-gnu/5] ==> dir [/usr/lib/gcc/x86_64-linux-gnu/5]
    arg [-L/usr/lib/gcc/x86_64-linux-gnu/5/../../../x86_64-linux-gnu] ==> dir [/usr/lib/gcc/x86_64-linux-gnu/5/../../../x86_64-linux-gnu]
    arg [-L/usr/lib/gcc/x86_64-linux-gnu/5/../../../../lib] ==> dir [/usr/lib/gcc/x86_64-linux-gnu/5/../../../../lib]
    arg [-L/lib/x86_64-linux-gnu] ==> dir [/lib/x86_64-linux-gnu]
    arg [-L/lib/../lib] ==> dir [/lib/../lib]
    arg [-L/usr/lib/x86_64-linux-gnu] ==> dir [/usr/lib/x86_64-linux-gnu]
    arg [-L/usr/lib/../lib] ==> dir [/usr/lib/../lib]
    arg [-L/usr/lib/gcc/x86_64-linux-gnu/5/../../..] ==> dir [/usr/lib/gcc/x86_64-linux-gnu/5/../../..]
    arg [CMakeFiles/cmTC_c21c6.dir/CMakeCCompilerABI.c.o] ==> ignore
    arg [-lgcc] ==> lib [gcc]
    arg [--as-needed] ==> ignore
    arg [-lgcc_s] ==> lib [gcc_s]
    arg [--no-as-needed] ==> ignore
    arg [-lc] ==> lib [c]
    arg [-lgcc] ==> lib [gcc]
    arg [--as-needed] ==> ignore
    arg [-lgcc_s] ==> lib [gcc_s]
    arg [--no-as-needed] ==> ignore
    arg [/usr/lib/gcc/x86_64-linux-gnu/5/crtend.o] ==> ignore
    arg [/usr/lib/gcc/x86_64-linux-gnu/5/../../../x86_64-linux-gnu/crtn.o] ==> ignore
  collapse library dir [/usr/lib/gcc/x86_64-linux-gnu/5] ==> [/usr/lib/gcc/x86_64-linux-gnu/5]
  collapse library dir [/usr/lib/gcc/x86_64-linux-gnu/5/../../../x86_64-linux-gnu] ==> [/usr/lib/x86_64-linux-gnu]
  collapse library dir [/usr/lib/gcc/x86_64-linux-gnu/5/../../../../lib] ==> [/usr/lib]
  collapse library dir [/lib/x86_64-linux-gnu] ==> [/lib/x86_64-linux-gnu]
  collapse library dir [/lib/../lib] ==> [/lib]
  collapse library dir [/usr/lib/x86_64-linux-gnu] ==> [/usr/lib/x86_64-linux-gnu]
  collapse library dir [/usr/lib/../lib] ==> [/usr/lib]
  collapse library dir [/usr/lib/gcc/x86_64-linux-gnu/5/../../..] ==> [/usr/lib]
  implicit libs: [gcc;gcc_s;c;gcc;gcc_s]
  implicit dirs: [/usr/lib/gcc/x86_64-linux-gnu/5;/usr/lib/x86_64-linux-gnu;/usr/lib;/lib/x86_64-linux-gnu;/lib]
  implicit fwks: []




Detecting C [-std=c11] compiler features compiled with the following output:
Change Dir: /home/kalyco/mfp_workspace/build/darknet_ros/CMakeFiles/CMakeTmp

Run Build Command:"/usr/bin/make" "cmTC_00fdc/fast"
/usr/bin/make -f CMakeFiles/cmTC_00fdc.dir/build.make CMakeFiles/cmTC_00fdc.dir/build
make[1]: Entering directory '/home/kalyco/mfp_workspace/build/darknet_ros/CMakeFiles/CMakeTmp'
Building C object CMakeFiles/cmTC_00fdc.dir/feature_tests.c.o
/usr/bin/cc   -std=c11 -o CMakeFiles/cmTC_00fdc.dir/feature_tests.c.o   -c /home/kalyco/mfp_workspace/build/darknet_ros/CMakeFiles/feature_tests.c
Linking C executable cmTC_00fdc
/usr/local/bin/cmake -E cmake_link_script CMakeFiles/cmTC_00fdc.dir/link.txt --verbose=1
/usr/bin/cc      -rdynamic CMakeFiles/cmTC_00fdc.dir/feature_tests.c.o  -o cmTC_00fdc 
make[1]: Leaving directory '/home/kalyco/mfp_workspace/build/darknet_ros/CMakeFiles/CMakeTmp'


    Feature record: C_FEATURE:1c_function_prototypes
    Feature record: C_FEATURE:1c_restrict
    Feature record: C_FEATURE:1c_static_assert
    Feature record: C_FEATURE:1c_variadic_macros


Detecting C [-std=c99] compiler features compiled with the following output:
Change Dir: /home/kalyco/mfp_workspace/build/darknet_ros/CMakeFiles/CMakeTmp

Run Build Command:"/usr/bin/make" "cmTC_81f0c/fast"
/usr/bin/make -f CMakeFiles/cmTC_81f0c.dir/build.make CMakeFiles/cmTC_81f0c.dir/build
make[1]: Entering directory '/home/kalyco/mfp_workspace/build/darknet_ros/CMakeFiles/CMakeTmp'
Building C object CMakeFiles/cmTC_81f0c.dir/feature_tests.c.o
/usr/bin/cc   -std=c99 -o CMakeFiles/cmTC_81f0c.dir/feature_tests.c.o   -c /home/kalyco/mfp_workspace/build/darknet_ros/CMakeFiles/feature_tests.c
Linking C executable cmTC_81f0c
/usr/local/bin/cmake -E cmake_link_script CMakeFiles/cmTC_81f0c.dir/link.txt --verbose=1
/usr/bin/cc      -rdynamic CMakeFiles/cmTC_81f0c.dir/feature_tests.c.o  -o cmTC_81f0c 
make[1]: Leaving directory '/home/kalyco/mfp_workspace/build/darknet_ros/CMakeFiles/CMakeTmp'


    Feature record: C_FEATURE:1c_function_prototypes
    Feature record: C_FEATURE:1c_restrict
    Feature record: C_FEATURE:0c_static_assert
    Feature record: C_FEATURE:1c_variadic_macros


Detecting C [-std=c90] compiler features compiled with the following output:
Change Dir: /home/kalyco/mfp_workspace/build/darknet_ros/CMakeFiles/CMakeTmp

Run Build Command:"/usr/bin/make" "cmTC_5cfa1/fast"
/usr/bin/make -f CMakeFiles/cmTC_5cfa1.dir/build.make CMakeFiles/cmTC_5cfa1.dir/build
make[1]: Entering directory '/home/kalyco/mfp_workspace/build/darknet_ros/CMakeFiles/CMakeTmp'
Building C object CMakeFiles/cmTC_5cfa1.dir/feature_tests.c.o
/usr/bin/cc   -std=c90 -o CMakeFiles/cmTC_5cfa1.dir/feature_tests.c.o   -c /home/kalyco/mfp_workspace/build/darknet_ros/CMakeFiles/feature_tests.c
Linking C executable cmTC_5cfa1
/usr/local/bin/cmake -E cmake_link_script CMakeFiles/cmTC_5cfa1.dir/link.txt --verbose=1
/usr/bin/cc      -rdynamic CMakeFiles/cmTC_5cfa1.dir/feature_tests.c.o  -o cmTC_5cfa1 
make[1]: Leaving directory '/home/kalyco/mfp_workspace/build/darknet_ros/CMakeFiles/CMakeTmp'


    Feature record: C_FEATURE:1c_function_prototypes
    Feature record: C_FEATURE:0c_restrict
    Feature record: C_FEATURE:0c_static_assert
    Feature record: C_FEATURE:0c_variadic_macros
Determining if the CXX compiler works passed with the following output:
Change Dir: /home/kalyco/mfp_workspace/build/darknet_ros/CMakeFiles/CMakeTmp

Run Build Command:"/usr/bin/make" "cmTC_fa644/fast"
/usr/bin/make -f CMakeFiles/cmTC_fa644.dir/build.make CMakeFiles/cmTC_fa644.dir/build
make[1]: Entering directory '/home/kalyco/mfp_workspace/build/darknet_ros/CMakeFiles/CMakeTmp'
Building CXX object CMakeFiles/cmTC_fa644.dir/testCXXCompiler.cxx.o
/usr/bin/c++     -o CMakeFiles/cmTC_fa644.dir/testCXXCompiler.cxx.o -c /home/kalyco/mfp_workspace/build/darknet_ros/CMakeFiles/CMakeTmp/testCXXCompiler.cxx
Linking CXX executable cmTC_fa644
/usr/local/bin/cmake -E cmake_link_script CMakeFiles/cmTC_fa644.dir/link.txt --verbose=1
/usr/bin/c++       -rdynamic CMakeFiles/cmTC_fa644.dir/testCXXCompiler.cxx.o  -o cmTC_fa644 
make[1]: Leaving directory '/home/kalyco/mfp_workspace/build/darknet_ros/CMakeFiles/CMakeTmp'


Detecting CXX compiler ABI info compiled with the following output:
Change Dir: /home/kalyco/mfp_workspace/build/darknet_ros/CMakeFiles/CMakeTmp

Run Build Command:"/usr/bin/make" "cmTC_bd958/fast"
/usr/bin/make -f CMakeFiles/cmTC_bd958.dir/build.make CMakeFiles/cmTC_bd958.dir/build
make[1]: Entering directory '/home/kalyco/mfp_workspace/build/darknet_ros/CMakeFiles/CMakeTmp'
Building CXX object CMakeFiles/cmTC_bd958.dir/CMakeCXXCompilerABI.cpp.o
/usr/bin/c++     -o CMakeFiles/cmTC_bd958.dir/CMakeCXXCompilerABI.cpp.o -c /usr/local/share/cmake-3.12/Modules/CMakeCXXCompilerABI.cpp
Linking CXX executable cmTC_bd958
/usr/local/bin/cmake -E cmake_link_script CMakeFiles/cmTC_bd958.dir/link.txt --verbose=1
/usr/bin/c++      -v -rdynamic CMakeFiles/cmTC_bd958.dir/CMakeCXXCompilerABI.cpp.o  -o cmTC_bd958 
clang version 3.8.0-2ubuntu4 (tags/RELEASE_380/final)
Target: x86_64-pc-linux-gnu
Thread model: posix
InstalledDir: /usr/bin
Found candidate GCC installation: /usr/bin/../lib/gcc/x86_64-linux-gnu/5.4.0
Found candidate GCC installation: /usr/bin/../lib/gcc/x86_64-linux-gnu/6.0.0
Found candidate GCC installation: /usr/lib/gcc/x86_64-linux-gnu/5.4.0
Found candidate GCC installation: /usr/lib/gcc/x86_64-linux-gnu/6.0.0
Selected GCC installation: /usr/bin/../lib/gcc/x86_64-linux-gnu/5.4.0
Candidate multilib: .;@m64
Selected multilib: .;@m64
Found CUDA installation: /usr/local/cuda
 "/usr/bin/ld" -export-dynamic -z relro --hash-style=gnu --build-id --eh-frame-hdr -m elf_x86_64 -dynamic-linker /lib64/ld-linux-x86-64.so.2 -o cmTC_bd958 /usr/bin/../lib/gcc/x86_64-linux-gnu/5.4.0/../../../x86_64-linux-gnu/crt1.o /usr/bin/../lib/gcc/x86_64-linux-gnu/5.4.0/../../../x86_64-linux-gnu/crti.o /usr/bin/../lib/gcc/x86_64-linux-gnu/5.4.0/crtbegin.o -L/usr/bin/../lib/gcc/x86_64-linux-gnu/5.4.0 -L/usr/bin/../lib/gcc/x86_64-linux-gnu/5.4.0/../../../x86_64-linux-gnu -L/lib/x86_64-linux-gnu -L/lib/../lib64 -L/usr/lib/x86_64-linux-gnu -L/usr/bin/../lib/gcc/x86_64-linux-gnu/5.4.0/../../.. -L/usr/lib/llvm-3.8/bin/../lib -L/lib -L/usr/lib CMakeFiles/cmTC_bd958.dir/CMakeCXXCompilerABI.cpp.o -lstdc++ -lm -lgcc_s -lgcc -lc -lgcc_s -lgcc /usr/bin/../lib/gcc/x86_64-linux-gnu/5.4.0/crtend.o /usr/bin/../lib/gcc/x86_64-linux-gnu/5.4.0/../../../x86_64-linux-gnu/crtn.o
make[1]: Leaving directory '/home/kalyco/mfp_workspace/build/darknet_ros/CMakeFiles/CMakeTmp'


Parsed CXX implicit link information from above output:
  link line regex: [^( *|.*[/\])(ld|CMAKE_LINK_STARTFILE-NOTFOUND|([^/\]+-)?ld|collect2)[^/\]*( |$)]
  ignore line: [Change Dir: /home/kalyco/mfp_workspace/build/darknet_ros/CMakeFiles/CMakeTmp]
  ignore line: []
  ignore line: [Run Build Command:"/usr/bin/make" "cmTC_bd958/fast"]
  ignore line: [/usr/bin/make -f CMakeFiles/cmTC_bd958.dir/build.make CMakeFiles/cmTC_bd958.dir/build]
  ignore line: [make[1]: Entering directory '/home/kalyco/mfp_workspace/build/darknet_ros/CMakeFiles/CMakeTmp']
  ignore line: [Building CXX object CMakeFiles/cmTC_bd958.dir/CMakeCXXCompilerABI.cpp.o]
  ignore line: [/usr/bin/c++     -o CMakeFiles/cmTC_bd958.dir/CMakeCXXCompilerABI.cpp.o -c /usr/local/share/cmake-3.12/Modules/CMakeCXXCompilerABI.cpp]
  ignore line: [Linking CXX executable cmTC_bd958]
  ignore line: [/usr/local/bin/cmake -E cmake_link_script CMakeFiles/cmTC_bd958.dir/link.txt --verbose=1]
  ignore line: [/usr/bin/c++      -v -rdynamic CMakeFiles/cmTC_bd958.dir/CMakeCXXCompilerABI.cpp.o  -o cmTC_bd958 ]
  ignore line: [clang version 3.8.0-2ubuntu4 (tags/RELEASE_380/final)]
  ignore line: [Target: x86_64-pc-linux-gnu]
  ignore line: [Thread model: posix]
  ignore line: [InstalledDir: /usr/bin]
  ignore line: [Found candidate GCC installation: /usr/bin/../lib/gcc/x86_64-linux-gnu/5.4.0]
  ignore line: [Found candidate GCC installation: /usr/bin/../lib/gcc/x86_64-linux-gnu/6.0.0]
  ignore line: [Found candidate GCC installation: /usr/lib/gcc/x86_64-linux-gnu/5.4.0]
  ignore line: [Found candidate GCC installation: /usr/lib/gcc/x86_64-linux-gnu/6.0.0]
  ignore line: [Selected GCC installation: /usr/bin/../lib/gcc/x86_64-linux-gnu/5.4.0]
  ignore line: [Candidate multilib: .]
  ignore line: [@m64]
  ignore line: [Selected multilib: .]
  ignore line: [@m64]
  ignore line: [Found CUDA installation: /usr/local/cuda]
  link line: [ "/usr/bin/ld" -export-dynamic -z relro --hash-style=gnu --build-id --eh-frame-hdr -m elf_x86_64 -dynamic-linker /lib64/ld-linux-x86-64.so.2 -o cmTC_bd958 /usr/bin/../lib/gcc/x86_64-linux-gnu/5.4.0/../../../x86_64-linux-gnu/crt1.o /usr/bin/../lib/gcc/x86_64-linux-gnu/5.4.0/../../../x86_64-linux-gnu/crti.o /usr/bin/../lib/gcc/x86_64-linux-gnu/5.4.0/crtbegin.o -L/usr/bin/../lib/gcc/x86_64-linux-gnu/5.4.0 -L/usr/bin/../lib/gcc/x86_64-linux-gnu/5.4.0/../../../x86_64-linux-gnu -L/lib/x86_64-linux-gnu -L/lib/../lib64 -L/usr/lib/x86_64-linux-gnu -L/usr/bin/../lib/gcc/x86_64-linux-gnu/5.4.0/../../.. -L/usr/lib/llvm-3.8/bin/../lib -L/lib -L/usr/lib CMakeFiles/cmTC_bd958.dir/CMakeCXXCompilerABI.cpp.o -lstdc++ -lm -lgcc_s -lgcc -lc -lgcc_s -lgcc /usr/bin/../lib/gcc/x86_64-linux-gnu/5.4.0/crtend.o /usr/bin/../lib/gcc/x86_64-linux-gnu/5.4.0/../../../x86_64-linux-gnu/crtn.o]
    arg [/usr/bin/ld] ==> ignore
    arg [-export-dynamic] ==> ignore
    arg [-zrelro] ==> ignore
    arg [--hash-style=gnu] ==> ignore
    arg [--build-id] ==> ignore
    arg [--eh-frame-hdr] ==> ignore
    arg [-m] ==> ignore
    arg [elf_x86_64] ==> ignore
    arg [-dynamic-linker] ==> ignore
    arg [/lib64/ld-linux-x86-64.so.2] ==> ignore
    arg [-o] ==> ignore
    arg [cmTC_bd958] ==> ignore
    arg [/usr/bin/../lib/gcc/x86_64-linux-gnu/5.4.0/../../../x86_64-linux-gnu/crt1.o] ==> ignore
    arg [/usr/bin/../lib/gcc/x86_64-linux-gnu/5.4.0/../../../x86_64-linux-gnu/crti.o] ==> ignore
    arg [/usr/bin/../lib/gcc/x86_64-linux-gnu/5.4.0/crtbegin.o] ==> ignore
    arg [-L/usr/bin/../lib/gcc/x86_64-linux-gnu/5.4.0] ==> dir [/usr/bin/../lib/gcc/x86_64-linux-gnu/5.4.0]
    arg [-L/usr/bin/../lib/gcc/x86_64-linux-gnu/5.4.0/../../../x86_64-linux-gnu] ==> dir [/usr/bin/../lib/gcc/x86_64-linux-gnu/5.4.0/../../../x86_64-linux-gnu]
    arg [-L/lib/x86_64-linux-gnu] ==> dir [/lib/x86_64-linux-gnu]
    arg [-L/lib/../lib64] ==> dir [/lib/../lib64]
    arg [-L/usr/lib/x86_64-linux-gnu] ==> dir [/usr/lib/x86_64-linux-gnu]
    arg [-L/usr/bin/../lib/gcc/x86_64-linux-gnu/5.4.0/../../..] ==> dir [/usr/bin/../lib/gcc/x86_64-linux-gnu/5.4.0/../../..]
    arg [-L/usr/lib/llvm-3.8/bin/../lib] ==> dir [/usr/lib/llvm-3.8/bin/../lib]
    arg [-L/lib] ==> dir [/lib]
    arg [-L/usr/lib] ==> dir [/usr/lib]
    arg [CMakeFiles/cmTC_bd958.dir/CMakeCXXCompilerABI.cpp.o] ==> ignore
    arg [-lstdc++] ==> lib [stdc++]
    arg [-lm] ==> lib [m]
    arg [-lgcc_s] ==> lib [gcc_s]
    arg [-lgcc] ==> lib [gcc]
    arg [-lc] ==> lib [c]
    arg [-lgcc_s] ==> lib [gcc_s]
    arg [-lgcc] ==> lib [gcc]
    arg [/usr/bin/../lib/gcc/x86_64-linux-gnu/5.4.0/crtend.o] ==> ignore
    arg [/usr/bin/../lib/gcc/x86_64-linux-gnu/5.4.0/../../../x86_64-linux-gnu/crtn.o] ==> ignore
  collapse library dir [/usr/bin/../lib/gcc/x86_64-linux-gnu/5.4.0] ==> [/usr/lib/gcc/x86_64-linux-gnu/5.4.0]
  collapse library dir [/usr/bin/../lib/gcc/x86_64-linux-gnu/5.4.0/../../../x86_64-linux-gnu] ==> [/usr/lib/x86_64-linux-gnu]
  collapse library dir [/lib/x86_64-linux-gnu] ==> [/lib/x86_64-linux-gnu]
  collapse library dir [/lib/../lib64] ==> [/lib64]
  collapse library dir [/usr/lib/x86_64-linux-gnu] ==> [/usr/lib/x86_64-linux-gnu]
  collapse library dir [/usr/bin/../lib/gcc/x86_64-linux-gnu/5.4.0/../../..] ==> [/usr/lib]
  collapse library dir [/usr/lib/llvm-3.8/bin/../lib] ==> [/usr/lib/llvm-3.8/lib]
  collapse library dir [/lib] ==> [/lib]
  collapse library dir [/usr/lib] ==> [/usr/lib]
  implicit libs: [stdc++;m;gcc_s;gcc;c;gcc_s;gcc]
  implicit dirs: [/usr/lib/gcc/x86_64-linux-gnu/5.4.0;/usr/lib/x86_64-linux-gnu;/lib/x86_64-linux-gnu;/lib64;/usr/lib;/usr/lib/llvm-3.8/lib;/lib]
  implicit fwks: []




Detecting CXX [-std=c++1z] compiler features compiled with the following output:
Change Dir: /home/kalyco/mfp_workspace/build/darknet_ros/CMakeFiles/CMakeTmp

Run Build Command:"/usr/bin/make" "cmTC_c587a/fast"
/usr/bin/make -f CMakeFiles/cmTC_c587a.dir/build.make CMakeFiles/cmTC_c587a.dir/build
make[1]: Entering directory '/home/kalyco/mfp_workspace/build/darknet_ros/CMakeFiles/CMakeTmp'
Building CXX object CMakeFiles/cmTC_c587a.dir/feature_tests.cxx.o
/usr/bin/c++    -std=c++1z -o CMakeFiles/cmTC_c587a.dir/feature_tests.cxx.o -c /home/kalyco/mfp_workspace/build/darknet_ros/CMakeFiles/feature_tests.cxx
Linking CXX executable cmTC_c587a
/usr/local/bin/cmake -E cmake_link_script CMakeFiles/cmTC_c587a.dir/link.txt --verbose=1
/usr/bin/c++       -rdynamic CMakeFiles/cmTC_c587a.dir/feature_tests.cxx.o  -o cmTC_c587a 
make[1]: Leaving directory '/home/kalyco/mfp_workspace/build/darknet_ros/CMakeFiles/CMakeTmp'


    Feature record: CXX_FEATURE:1cxx_aggregate_default_initializers
    Feature record: CXX_FEATURE:1cxx_alias_templates
    Feature record: CXX_FEATURE:1cxx_alignas
    Feature record: CXX_FEATURE:1cxx_alignof
    Feature record: CXX_FEATURE:1cxx_attributes
    Feature record: CXX_FEATURE:1cxx_attribute_deprecated
    Feature record: CXX_FEATURE:1cxx_auto_type
    Feature record: CXX_FEATURE:1cxx_binary_literals
    Feature record: CXX_FEATURE:1cxx_constexpr
    Feature record: CXX_FEATURE:1cxx_contextual_conversions
    Feature record: CXX_FEATURE:1cxx_decltype
    Feature record: CXX_FEATURE:1cxx_decltype_auto
    Feature record: CXX_FEATURE:1cxx_decltype_incomplete_return_types
    Feature record: CXX_FEATURE:1cxx_default_function_template_args
    Feature record: CXX_FEATURE:1cxx_defaulted_functions
    Feature record: CXX_FEATURE:1cxx_defaulted_move_initializers
    Feature record: CXX_FEATURE:1cxx_delegating_constructors
    Feature record: CXX_FEATURE:1cxx_deleted_functions
    Feature record: CXX_FEATURE:1cxx_digit_separators
    Feature record: CXX_FEATURE:1cxx_enum_forward_declarations
    Feature record: CXX_FEATURE:1cxx_explicit_conversions
    Feature record: CXX_FEATURE:1cxx_extended_friend_declarations
    Feature record: CXX_FEATURE:1cxx_extern_templates
    Feature record: CXX_FEATURE:1cxx_final
    Feature record: CXX_FEATURE:1cxx_func_identifier
    Feature record: CXX_FEATURE:1cxx_generalized_initializers
    Feature record: CXX_FEATURE:1cxx_generic_lambdas
    Feature record: CXX_FEATURE:1cxx_inheriting_constructors
    Feature record: CXX_FEATURE:1cxx_inline_namespaces
    Feature record: CXX_FEATURE:1cxx_lambdas
    Feature record: CXX_FEATURE:1cxx_lambda_init_captures
    Feature record: CXX_FEATURE:1cxx_local_type_template_args
    Feature record: CXX_FEATURE:1cxx_long_long_type
    Feature record: CXX_FEATURE:1cxx_noexcept
    Feature record: CXX_FEATURE:1cxx_nonstatic_member_init
    Feature record: CXX_FEATURE:1cxx_nullptr
    Feature record: CXX_FEATURE:1cxx_override
    Feature record: CXX_FEATURE:1cxx_range_for
    Feature record: CXX_FEATURE:1cxx_raw_string_literals
    Feature record: CXX_FEATURE:1cxx_reference_qualified_functions
    Feature record: CXX_FEATURE:1cxx_relaxed_constexpr
    Feature record: CXX_FEATURE:1cxx_return_type_deduction
    Feature record: CXX_FEATURE:1cxx_right_angle_brackets
    Feature record: CXX_FEATURE:1cxx_rvalue_references
    Feature record: CXX_FEATURE:1cxx_sizeof_member
    Feature record: CXX_FEATURE:1cxx_static_assert
    Feature record: CXX_FEATURE:1cxx_strong_enums
    Feature record: CXX_FEATURE:1cxx_template_template_parameters
    Feature record: CXX_FEATURE:1cxx_thread_local
    Feature record: CXX_FEATURE:1cxx_trailing_return_types
    Feature record: CXX_FEATURE:1cxx_unicode_literals
    Feature record: CXX_FEATURE:1cxx_uniform_initialization
    Feature record: CXX_FEATURE:1cxx_unrestricted_unions
    Feature record: CXX_FEATURE:1cxx_user_literals
    Feature record: CXX_FEATURE:1cxx_variable_templates
    Feature record: CXX_FEATURE:1cxx_variadic_macros
    Feature record: CXX_FEATURE:1cxx_variadic_templates


Detecting CXX [-std=c++14] compiler features compiled with the following output:
Change Dir: /home/kalyco/mfp_workspace/build/darknet_ros/CMakeFiles/CMakeTmp

Run Build Command:"/usr/bin/make" "cmTC_efedd/fast"
/usr/bin/make -f CMakeFiles/cmTC_efedd.dir/build.make CMakeFiles/cmTC_efedd.dir/build
make[1]: Entering directory '/home/kalyco/mfp_workspace/build/darknet_ros/CMakeFiles/CMakeTmp'
Building CXX object CMakeFiles/cmTC_efedd.dir/feature_tests.cxx.o
/usr/bin/c++    -std=c++14 -o CMakeFiles/cmTC_efedd.dir/feature_tests.cxx.o -c /home/kalyco/mfp_workspace/build/darknet_ros/CMakeFiles/feature_tests.cxx
Linking CXX executable cmTC_efedd
/usr/local/bin/cmake -E cmake_link_script CMakeFiles/cmTC_efedd.dir/link.txt --verbose=1
/usr/bin/c++       -rdynamic CMakeFiles/cmTC_efedd.dir/feature_tests.cxx.o  -o cmTC_efedd 
make[1]: Leaving directory '/home/kalyco/mfp_workspace/build/darknet_ros/CMakeFiles/CMakeTmp'


    Feature record: CXX_FEATURE:1cxx_aggregate_default_initializers
    Feature record: CXX_FEATURE:1cxx_alias_templates
    Feature record: CXX_FEATURE:1cxx_alignas
    Feature record: CXX_FEATURE:1cxx_alignof
    Feature record: CXX_FEATURE:1cxx_attributes
    Feature record: CXX_FEATURE:1cxx_attribute_deprecated
    Feature record: CXX_FEATURE:1cxx_auto_type
    Feature record: CXX_FEATURE:1cxx_binary_literals
    Feature record: CXX_FEATURE:1cxx_constexpr
    Feature record: CXX_FEATURE:1cxx_contextual_conversions
    Feature record: CXX_FEATURE:1cxx_decltype
    Feature record: CXX_FEATURE:1cxx_decltype_auto
    Feature record: CXX_FEATURE:1cxx_decltype_incomplete_return_types
    Feature record: CXX_FEATURE:1cxx_default_function_template_args
    Feature record: CXX_FEATURE:1cxx_defaulted_functions
    Feature record: CXX_FEATURE:1cxx_defaulted_move_initializers
    Feature record: CXX_FEATURE:1cxx_delegating_constructors
    Feature record: CXX_FEATURE:1cxx_deleted_functions
    Feature record: CXX_FEATURE:1cxx_digit_separators
    Feature record: CXX_FEATURE:1cxx_enum_forward_declarations
    Feature record: CXX_FEATURE:1cxx_explicit_conversions
    Feature record: CXX_FEATURE:1cxx_extended_friend_declarations
    Feature record: CXX_FEATURE:1cxx_extern_templates
    Feature record: CXX_FEATURE:1cxx_final
    Feature record: CXX_FEATURE:1cxx_func_identifier
    Feature record: CXX_FEATURE:1cxx_generalized_initializers
    Feature record: CXX_FEATURE:1cxx_generic_lambdas
    Feature record: CXX_FEATURE:1cxx_inheriting_constructors
    Feature record: CXX_FEATURE:1cxx_inline_namespaces
    Feature record: CXX_FEATURE:1cxx_lambdas
    Feature record: CXX_FEATURE:1cxx_lambda_init_captures
    Feature record: CXX_FEATURE:1cxx_local_type_template_args
    Feature record: CXX_FEATURE:1cxx_long_long_type
    Feature record: CXX_FEATURE:1cxx_noexcept
    Feature record: CXX_FEATURE:1cxx_nonstatic_member_init
    Feature record: CXX_FEATURE:1cxx_nullptr
    Feature record: CXX_FEATURE:1cxx_override
    Feature record: CXX_FEATURE:1cxx_range_for
    Feature record: CXX_FEATURE:1cxx_raw_string_literals
    Feature record: CXX_FEATURE:1cxx_reference_qualified_functions
    Feature record: CXX_FEATURE:1cxx_relaxed_constexpr
    Feature record: CXX_FEATURE:1cxx_return_type_deduction
    Feature record: CXX_FEATURE:1cxx_right_angle_brackets
    Feature record: CXX_FEATURE:1cxx_rvalue_references
    Feature record: CXX_FEATURE:1cxx_sizeof_member
    Feature record: CXX_FEATURE:1cxx_static_assert
    Feature record: CXX_FEATURE:1cxx_strong_enums
    Feature record: CXX_FEATURE:1cxx_template_template_parameters
    Feature record: CXX_FEATURE:1cxx_thread_local
    Feature record: CXX_FEATURE:1cxx_trailing_return_types
    Feature record: CXX_FEATURE:1cxx_unicode_literals
    Feature record: CXX_FEATURE:1cxx_uniform_initialization
    Feature record: CXX_FEATURE:1cxx_unrestricted_unions
    Feature record: CXX_FEATURE:1cxx_user_literals
    Feature record: CXX_FEATURE:1cxx_variable_templates
    Feature record: CXX_FEATURE:1cxx_variadic_macros
    Feature record: CXX_FEATURE:1cxx_variadic_templates


Detecting CXX [-std=c++11] compiler features compiled with the following output:
Change Dir: /home/kalyco/mfp_workspace/build/darknet_ros/CMakeFiles/CMakeTmp

Run Build Command:"/usr/bin/make" "cmTC_fee2d/fast"
/usr/bin/make -f CMakeFiles/cmTC_fee2d.dir/build.make CMakeFiles/cmTC_fee2d.dir/build
make[1]: Entering directory '/home/kalyco/mfp_workspace/build/darknet_ros/CMakeFiles/CMakeTmp'
Building CXX object CMakeFiles/cmTC_fee2d.dir/feature_tests.cxx.o
/usr/bin/c++    -std=c++11 -o CMakeFiles/cmTC_fee2d.dir/feature_tests.cxx.o -c /home/kalyco/mfp_workspace/build/darknet_ros/CMakeFiles/feature_tests.cxx
Linking CXX executable cmTC_fee2d
/usr/local/bin/cmake -E cmake_link_script CMakeFiles/cmTC_fee2d.dir/link.txt --verbose=1
/usr/bin/c++       -rdynamic CMakeFiles/cmTC_fee2d.dir/feature_tests.cxx.o  -o cmTC_fee2d 
make[1]: Leaving directory '/home/kalyco/mfp_workspace/build/darknet_ros/CMakeFiles/CMakeTmp'


    Feature record: CXX_FEATURE:0cxx_aggregate_default_initializers
    Feature record: CXX_FEATURE:1cxx_alias_templates
    Feature record: CXX_FEATURE:1cxx_alignas
    Feature record: CXX_FEATURE:1cxx_alignof
    Feature record: CXX_FEATURE:1cxx_attributes
    Feature record: CXX_FEATURE:0cxx_attribute_deprecated
    Feature record: CXX_FEATURE:1cxx_auto_type
    Feature record: CXX_FEATURE:0cxx_binary_literals
    Feature record: CXX_FEATURE:1cxx_constexpr
    Feature record: CXX_FEATURE:0cxx_contextual_conversions
    Feature record: CXX_FEATURE:1cxx_decltype
    Feature record: CXX_FEATURE:0cxx_decltype_auto
    Feature record: CXX_FEATURE:1cxx_decltype_incomplete_return_types
    Feature record: CXX_FEATURE:1cxx_default_function_template_args
    Feature record: CXX_FEATURE:1cxx_defaulted_functions
    Feature record: CXX_FEATURE:1cxx_defaulted_move_initializers
    Feature record: CXX_FEATURE:1cxx_delegating_constructors
    Feature record: CXX_FEATURE:1cxx_deleted_functions
    Feature record: CXX_FEATURE:0cxx_digit_separators
    Feature record: CXX_FEATURE:1cxx_enum_forward_declarations
    Feature record: CXX_FEATURE:1cxx_explicit_conversions
    Feature record: CXX_FEATURE:1cxx_extended_friend_declarations
    Feature record: CXX_FEATURE:1cxx_extern_templates
    Feature record: CXX_FEATURE:1cxx_final
    Feature record: CXX_FEATURE:1cxx_func_identifier
    Feature record: CXX_FEATURE:1cxx_generalized_initializers
    Feature record: CXX_FEATURE:0cxx_generic_lambdas
    Feature record: CXX_FEATURE:1cxx_inheriting_constructors
    Feature record: CXX_FEATURE:1cxx_inline_namespaces
    Feature record: CXX_FEATURE:1cxx_lambdas
    Feature record: CXX_FEATURE:0cxx_lambda_init_captures
    Feature record: CXX_FEATURE:1cxx_local_type_template_args
    Feature record: CXX_FEATURE:1cxx_long_long_type
    Feature record: CXX_FEATURE:1cxx_noexcept
    Feature record: CXX_FEATURE:1cxx_nonstatic_member_init
    Feature record: CXX_FEATURE:1cxx_nullptr
    Feature record: CXX_FEATURE:1cxx_override
    Feature record: CXX_FEATURE:1cxx_range_for
    Feature record: CXX_FEATURE:1cxx_raw_string_literals
    Feature record: CXX_FEATURE:1cxx_reference_qualified_functions
    Feature record: CXX_FEATURE:0cxx_relaxed_constexpr
    Feature record: CXX_FEATURE:0cxx_return_type_deduction
    Feature record: CXX_FEATURE:1cxx_right_angle_brackets
    Feature record: CXX_FEATURE:1cxx_rvalue_references
    Feature record: CXX_FEATURE:1cxx_sizeof_member
    Feature record: CXX_FEATURE:1cxx_static_assert
    Feature record: CXX_FEATURE:1cxx_strong_enums
    Feature record: CXX_FEATURE:1cxx_template_template_parameters
    Feature record: CXX_FEATURE:1cxx_thread_local
    Feature record: CXX_FEATURE:1cxx_trailing_return_types
    Feature record: CXX_FEATURE:1cxx_unicode_literals
    Feature record: CXX_FEATURE:1cxx_uniform_initialization
    Feature record: CXX_FEATURE:1cxx_unrestricted_unions
    Feature record: CXX_FEATURE:1cxx_user_literals
    Feature record: CXX_FEATURE:0cxx_variable_templates
    Feature record: CXX_FEATURE:1cxx_variadic_macros
    Feature record: CXX_FEATURE:1cxx_variadic_templates


Detecting CXX [-std=c++98] compiler features compiled with the following output:
Change Dir: /home/kalyco/mfp_workspace/build/darknet_ros/CMakeFiles/CMakeTmp

Run Build Command:"/usr/bin/make" "cmTC_fe9b4/fast"
/usr/bin/make -f CMakeFiles/cmTC_fe9b4.dir/build.make CMakeFiles/cmTC_fe9b4.dir/build
make[1]: Entering directory '/home/kalyco/mfp_workspace/build/darknet_ros/CMakeFiles/CMakeTmp'
Building CXX object CMakeFiles/cmTC_fe9b4.dir/feature_tests.cxx.o
/usr/bin/c++    -std=c++98 -o CMakeFiles/cmTC_fe9b4.dir/feature_tests.cxx.o -c /home/kalyco/mfp_workspace/build/darknet_ros/CMakeFiles/feature_tests.cxx
Linking CXX executable cmTC_fe9b4
/usr/local/bin/cmake -E cmake_link_script CMakeFiles/cmTC_fe9b4.dir/link.txt --verbose=1
/usr/bin/c++       -rdynamic CMakeFiles/cmTC_fe9b4.dir/feature_tests.cxx.o  -o cmTC_fe9b4 
make[1]: Leaving directory '/home/kalyco/mfp_workspace/build/darknet_ros/CMakeFiles/CMakeTmp'


    Feature record: CXX_FEATURE:0cxx_aggregate_default_initializers
    Feature record: CXX_FEATURE:0cxx_alias_templates
    Feature record: CXX_FEATURE:0cxx_alignas
    Feature record: CXX_FEATURE:0cxx_alignof
    Feature record: CXX_FEATURE:0cxx_attributes
    Feature record: CXX_FEATURE:0cxx_attribute_deprecated
    Feature record: CXX_FEATURE:0cxx_auto_type
    Feature record: CXX_FEATURE:0cxx_binary_literals
    Feature record: CXX_FEATURE:0cxx_constexpr
    Feature record: CXX_FEATURE:0cxx_contextual_conversions
    Feature record: CXX_FEATURE:0cxx_decltype
    Feature record: CXX_FEATURE:0cxx_decltype_auto
    Feature record: CXX_FEATURE:0cxx_decltype_incomplete_return_types
    Feature record: CXX_FEATURE:0cxx_default_function_template_args
    Feature record: CXX_FEATURE:0cxx_defaulted_functions
    Feature record: CXX_FEATURE:0cxx_defaulted_move_initializers
    Feature record: CXX_FEATURE:0cxx_delegating_constructors
    Feature record: CXX_FEATURE:0cxx_deleted_functions
    Feature record: CXX_FEATURE:0cxx_digit_separators
    Feature record: CXX_FEATURE:0cxx_enum_forward_declarations
    Feature record: CXX_FEATURE:0cxx_explicit_conversions
    Feature record: CXX_FEATURE:0cxx_extended_friend_declarations
    Feature record: CXX_FEATURE:0cxx_extern_templates
    Feature record: CXX_FEATURE:0cxx_final
    Feature record: CXX_FEATURE:0cxx_func_identifier
    Feature record: CXX_FEATURE:0cxx_generalized_initializers
    Feature record: CXX_FEATURE:0cxx_generic_lambdas
    Feature record: CXX_FEATURE:0cxx_inheriting_constructors
    Feature record: CXX_FEATURE:0cxx_inline_namespaces
    Feature record: CXX_FEATURE:0cxx_lambdas
    Feature record: CXX_FEATURE:0cxx_lambda_init_captures
    Feature record: CXX_FEATURE:0cxx_local_type_template_args
    Feature record: CXX_FEATURE:0cxx_long_long_type
    Feature record: CXX_FEATURE:0cxx_noexcept
    Feature record: CXX_FEATURE:0cxx_nonstatic_member_init
    Feature record: CXX_FEATURE:0cxx_nullptr
    Feature record: CXX_FEATURE:0cxx_override
    Feature record: CXX_FEATURE:0cxx_range_for
    Feature record: CXX_FEATURE:0cxx_raw_string_literals
    Feature record: CXX_FEATURE:0cxx_reference_qualified_functions
    Feature record: CXX_FEATURE:0cxx_relaxed_constexpr
    Feature record: CXX_FEATURE:0cxx_return_type_deduction
    Feature record: CXX_FEATURE:0cxx_right_angle_brackets
    Feature record: CXX_FEATURE:0cxx_rvalue_references
    Feature record: CXX_FEATURE:0cxx_sizeof_member
    Feature record: CXX_FEATURE:0cxx_static_assert
    Feature record: CXX_FEATURE:0cxx_strong_enums
    Feature record: CXX_FEATURE:1cxx_template_template_parameters
    Feature record: CXX_FEATURE:0cxx_thread_local
    Feature record: CXX_FEATURE:0cxx_trailing_return_types
    Feature record: CXX_FEATURE:0cxx_unicode_literals
    Feature record: CXX_FEATURE:0cxx_uniform_initialization
    Feature record: CXX_FEATURE:0cxx_unrestricted_unions
    Feature record: CXX_FEATURE:0cxx_user_literals
    Feature record: CXX_FEATURE:0cxx_variable_templates
    Feature record: CXX_FEATURE:0cxx_variadic_macros
    Feature record: CXX_FEATURE:0cxx_variadic_templates
Determining if the CUDA compiler works passed with the following output:
Change Dir: /home/kalyco/mfp_workspace/build/darknet_ros/CMakeFiles/CMakeTmp

Run Build Command:"/usr/bin/make" "cmTC_5c714/fast"
/usr/bin/make -f CMakeFiles/cmTC_5c714.dir/build.make CMakeFiles/cmTC_5c714.dir/build
make[1]: Entering directory '/home/kalyco/mfp_workspace/build/darknet_ros/CMakeFiles/CMakeTmp'
Building CUDA object CMakeFiles/cmTC_5c714.dir/main.cu.o
/usr/local/cuda-8.0/bin/nvcc     -x cu -c /home/kalyco/mfp_workspace/build/darknet_ros/CMakeFiles/CMakeTmp/main.cu -o CMakeFiles/cmTC_5c714.dir/main.cu.o
nvcc warning : The 'compute_20', 'sm_20', and 'sm_21' architectures are deprecated, and may be removed in a future release (Use -Wno-deprecated-gpu-targets to suppress warning).
Linking CUDA device code CMakeFiles/cmTC_5c714.dir/cmake_device_link.o
/usr/local/bin/cmake -E cmake_link_script CMakeFiles/cmTC_5c714.dir/dlink.txt --verbose=1
/usr/local/cuda-8.0/bin/nvcc    -Xcompiler=-fPIC -Wno-deprecated-gpu-targets -shared -dlink CMakeFiles/cmTC_5c714.dir/main.cu.o -o CMakeFiles/cmTC_5c714.dir/cmake_device_link.o 
Linking CUDA executable cmTC_5c714
/usr/local/bin/cmake -E cmake_link_script CMakeFiles/cmTC_5c714.dir/link.txt --verbose=1
/usr/bin/g++   CMakeFiles/cmTC_5c714.dir/main.cu.o CMakeFiles/cmTC_5c714.dir/cmake_device_link.o -o cmTC_5c714  -L"/usr/local/cuda-8.0/targets/x86_64-linux/lib/stubs" -L"/usr/local/cuda-8.0/targets/x86_64-linux/lib" -lcudadevrt -lcudart_static -lrt -lpthread -ldl
make[1]: Leaving directory '/home/kalyco/mfp_workspace/build/darknet_ros/CMakeFiles/CMakeTmp'


Detecting CUDA compiler ABI info compiled with the following output:
Change Dir: /home/kalyco/mfp_workspace/build/darknet_ros/CMakeFiles/CMakeTmp

Run Build Command:"/usr/bin/make" "cmTC_ce09a/fast"
/usr/bin/make -f CMakeFiles/cmTC_ce09a.dir/build.make CMakeFiles/cmTC_ce09a.dir/build
make[1]: Entering directory '/home/kalyco/mfp_workspace/build/darknet_ros/CMakeFiles/CMakeTmp'
Building CUDA object CMakeFiles/cmTC_ce09a.dir/CMakeCUDACompilerABI.cu.o
/usr/local/cuda-8.0/bin/nvcc     -x cu -c /usr/local/share/cmake-3.12/Modules/CMakeCUDACompilerABI.cu -o CMakeFiles/cmTC_ce09a.dir/CMakeCUDACompilerABI.cu.o
nvcc warning : The 'compute_20', 'sm_20', and 'sm_21' architectures are deprecated, and may be removed in a future release (Use -Wno-deprecated-gpu-targets to suppress warning).
Linking CUDA device code CMakeFiles/cmTC_ce09a.dir/cmake_device_link.o
/usr/local/bin/cmake -E cmake_link_script CMakeFiles/cmTC_ce09a.dir/dlink.txt --verbose=1
/usr/local/cuda-8.0/bin/nvcc    -Xcompiler=-fPIC -Wno-deprecated-gpu-targets -shared -dlink CMakeFiles/cmTC_ce09a.dir/CMakeCUDACompilerABI.cu.o -o CMakeFiles/cmTC_ce09a.dir/cmake_device_link.o 
Linking CUDA executable cmTC_ce09a
/usr/local/bin/cmake -E cmake_link_script CMakeFiles/cmTC_ce09a.dir/link.txt --verbose=1
/usr/bin/g++  -v CMakeFiles/cmTC_ce09a.dir/CMakeCUDACompilerABI.cu.o CMakeFiles/cmTC_ce09a.dir/cmake_device_link.o -o cmTC_ce09a  -L"/usr/local/cuda-8.0/targets/x86_64-linux/lib/stubs" -L"/usr/local/cuda-8.0/targets/x86_64-linux/lib" -lcudadevrt -lcudart_static -lrt -lpthread -ldl
Using built-in specs.
COLLECT_GCC=/usr/bin/g++
COLLECT_LTO_WRAPPER=/usr/lib/gcc/x86_64-linux-gnu/5/lto-wrapper
Target: x86_64-linux-gnu
Configured with: ../src/configure -v --with-pkgversion='Ubuntu 5.4.0-6ubuntu1~16.04.11' --with-bugurl=file:///usr/share/doc/gcc-5/README.Bugs --enable-languages=c,ada,c++,java,go,d,fortran,objc,obj-c++ --prefix=/usr --program-suffix=-5 --enable-shared --enable-linker-build-id --libexecdir=/usr/lib --without-included-gettext --enable-threads=posix --libdir=/usr/lib --enable-nls --with-sysroot=/ --enable-clocale=gnu --enable-libstdcxx-debug --enable-libstdcxx-time=yes --with-default-libstdcxx-abi=new --enable-gnu-unique-object --disable-vtable-verify --enable-libmpx --enable-plugin --with-system-zlib --disable-browser-plugin --enable-java-awt=gtk --enable-gtk-cairo --with-java-home=/usr/lib/jvm/java-1.5.0-gcj-5-amd64/jre --enable-java-home --with-jvm-root-dir=/usr/lib/jvm/java-1.5.0-gcj-5-amd64 --with-jvm-jar-dir=/usr/lib/jvm-exports/java-1.5.0-gcj-5-amd64 --with-arch-directory=amd64 --with-ecj-jar=/usr/share/java/eclipse-ecj.jar --enable-objc-gc --enable-multiarch --disable-werror --with-arch-32=i686 --with-abi=m64 --with-multilib-list=m32,m64,mx32 --enable-multilib --with-tune=generic --enable-checking=release --build=x86_64-linux-gnu --host=x86_64-linux-gnu --target=x86_64-linux-gnu
Thread model: posix
gcc version 5.4.0 20160609 (Ubuntu 5.4.0-6ubuntu1~16.04.11) 
COMPILER_PATH=/usr/lib/gcc/x86_64-linux-gnu/5/:/usr/lib/gcc/x86_64-linux-gnu/5/:/usr/lib/gcc/x86_64-linux-gnu/:/usr/lib/gcc/x86_64-linux-gnu/5/:/usr/lib/gcc/x86_64-linux-gnu/
LIBRARY_PATH=/usr/lib/gcc/x86_64-linux-gnu/5/:/usr/lib/gcc/x86_64-linux-gnu/5/../../../x86_64-linux-gnu/:/usr/lib/gcc/x86_64-linux-gnu/5/../../../../lib/:/lib/x86_64-linux-gnu/:/lib/../lib/:/usr/lib/x86_64-linux-gnu/:/usr/lib/../lib/:/usr/lib/gcc/x86_64-linux-gnu/5/../../../:/lib/:/usr/lib/
COLLECT_GCC_OPTIONS='-v' '-o' 'cmTC_ce09a' '-L/usr/local/cuda-8.0/targets/x86_64-linux/lib/stubs' '-L/usr/local/cuda-8.0/targets/x86_64-linux/lib' '-shared-libgcc' '-mtune=generic' '-march=x86-64'
 /usr/lib/gcc/x86_64-linux-gnu/5/collect2 -plugin /usr/lib/gcc/x86_64-linux-gnu/5/liblto_plugin.so -plugin-opt=/usr/lib/gcc/x86_64-linux-gnu/5/lto-wrapper -plugin-opt=-fresolution=/tmp/ccx67Itx.res -plugin-opt=-pass-through=-lgcc_s -plugin-opt=-pass-through=-lgcc -plugin-opt=-pass-through=-lc -plugin-opt=-pass-through=-lgcc_s -plugin-opt=-pass-through=-lgcc --sysroot=/ --build-id --eh-frame-hdr -m elf_x86_64 --hash-style=gnu --as-needed -dynamic-linker /lib64/ld-linux-x86-64.so.2 -z relro -o cmTC_ce09a /usr/lib/gcc/x86_64-linux-gnu/5/../../../x86_64-linux-gnu/crt1.o /usr/lib/gcc/x86_64-linux-gnu/5/../../../x86_64-linux-gnu/crti.o /usr/lib/gcc/x86_64-linux-gnu/5/crtbegin.o -L/usr/local/cuda-8.0/targets/x86_64-linux/lib/stubs -L/usr/local/cuda-8.0/targets/x86_64-linux/lib -L/usr/lib/gcc/x86_64-linux-gnu/5 -L/usr/lib/gcc/x86_64-linux-gnu/5/../../../x86_64-linux-gnu -L/usr/lib/gcc/x86_64-linux-gnu/5/../../../../lib -L/lib/x86_64-linux-gnu -L/lib/../lib -L/usr/lib/x86_64-linux-gnu -L/usr/lib/../lib -L/usr/lib/gcc/x86_64-linux-gnu/5/../../.. CMakeFiles/cmTC_ce09a.dir/CMakeCUDACompilerABI.cu.o CMakeFiles/cmTC_ce09a.dir/cmake_device_link.o -lcudadevrt -lcudart_static -lrt -lpthread -ldl -lstdc++ -lm -lgcc_s -lgcc -lc -lgcc_s -lgcc /usr/lib/gcc/x86_64-linux-gnu/5/crtend.o /usr/lib/gcc/x86_64-linux-gnu/5/../../../x86_64-linux-gnu/crtn.o
make[1]: Leaving directory '/home/kalyco/mfp_workspace/build/darknet_ros/CMakeFiles/CMakeTmp'


Parsed CUDA implicit link information from above output:
  link line regex: [^( *|.*[/\])(ld|CMAKE_LINK_STARTFILE-NOTFOUND|([^/\]+-)?ld|collect2)[^/\]*( |$)]
  ignore line: [Change Dir: /home/kalyco/mfp_workspace/build/darknet_ros/CMakeFiles/CMakeTmp]
  ignore line: []
  ignore line: [Run Build Command:"/usr/bin/make" "cmTC_ce09a/fast"]
  ignore line: [/usr/bin/make -f CMakeFiles/cmTC_ce09a.dir/build.make CMakeFiles/cmTC_ce09a.dir/build]
  ignore line: [make[1]: Entering directory '/home/kalyco/mfp_workspace/build/darknet_ros/CMakeFiles/CMakeTmp']
  ignore line: [Building CUDA object CMakeFiles/cmTC_ce09a.dir/CMakeCUDACompilerABI.cu.o]
  ignore line: [/usr/local/cuda-8.0/bin/nvcc     -x cu -c /usr/local/share/cmake-3.12/Modules/CMakeCUDACompilerABI.cu -o CMakeFiles/cmTC_ce09a.dir/CMakeCUDACompilerABI.cu.o]
  ignore line: [nvcc warning : The 'compute_20', 'sm_20', and 'sm_21' architectures are deprecated, and may be removed in a future release (Use -Wno-deprecated-gpu-targets to suppress warning).]
  ignore line: [Linking CUDA device code CMakeFiles/cmTC_ce09a.dir/cmake_device_link.o]
  ignore line: [/usr/local/bin/cmake -E cmake_link_script CMakeFiles/cmTC_ce09a.dir/dlink.txt --verbose=1]
  ignore line: [/usr/local/cuda-8.0/bin/nvcc    -Xcompiler=-fPIC -Wno-deprecated-gpu-targets -shared -dlink CMakeFiles/cmTC_ce09a.dir/CMakeCUDACompilerABI.cu.o -o CMakeFiles/cmTC_ce09a.dir/cmake_device_link.o ]
  ignore line: [Linking CUDA executable cmTC_ce09a]
  ignore line: [/usr/local/bin/cmake -E cmake_link_script CMakeFiles/cmTC_ce09a.dir/link.txt --verbose=1]
  ignore line: [/usr/bin/g++  -v CMakeFiles/cmTC_ce09a.dir/CMakeCUDACompilerABI.cu.o CMakeFiles/cmTC_ce09a.dir/cmake_device_link.o -o cmTC_ce09a  -L"/usr/local/cuda-8.0/targets/x86_64-linux/lib/stubs" -L"/usr/local/cuda-8.0/targets/x86_64-linux/lib" -lcudadevrt -lcudart_static -lrt -lpthread -ldl]
  ignore line: [Using built-in specs.]
  ignore line: [COLLECT_GCC=/usr/bin/g++]
  ignore line: [COLLECT_LTO_WRAPPER=/usr/lib/gcc/x86_64-linux-gnu/5/lto-wrapper]
  ignore line: [Target: x86_64-linux-gnu]
  ignore line: [Configured with: ../src/configure -v --with-pkgversion='Ubuntu 5.4.0-6ubuntu1~16.04.11' --with-bugurl=file:///usr/share/doc/gcc-5/README.Bugs --enable-languages=c,ada,c++,java,go,d,fortran,objc,obj-c++ --prefix=/usr --program-suffix=-5 --enable-shared --enable-linker-build-id --libexecdir=/usr/lib --without-included-gettext --enable-threads=posix --libdir=/usr/lib --enable-nls --with-sysroot=/ --enable-clocale=gnu --enable-libstdcxx-debug --enable-libstdcxx-time=yes --with-default-libstdcxx-abi=new --enable-gnu-unique-object --disable-vtable-verify --enable-libmpx --enable-plugin --with-system-zlib --disable-browser-plugin --enable-java-awt=gtk --enable-gtk-cairo --with-java-home=/usr/lib/jvm/java-1.5.0-gcj-5-amd64/jre --enable-java-home --with-jvm-root-dir=/usr/lib/jvm/java-1.5.0-gcj-5-amd64 --with-jvm-jar-dir=/usr/lib/jvm-exports/java-1.5.0-gcj-5-amd64 --with-arch-directory=amd64 --with-ecj-jar=/usr/share/java/eclipse-ecj.jar --enable-objc-gc --enable-multiarch --disable-werror --with-arch-32=i686 --with-abi=m64 --with-multilib-list=m32,m64,mx32 --enable-multilib --with-tune=generic --enable-checking=release --build=x86_64-linux-gnu --host=x86_64-linux-gnu --target=x86_64-linux-gnu]
  ignore line: [Thread model: posix]
  ignore line: [gcc version 5.4.0 20160609 (Ubuntu 5.4.0-6ubuntu1~16.04.11) ]
  ignore line: [COMPILER_PATH=/usr/lib/gcc/x86_64-linux-gnu/5/:/usr/lib/gcc/x86_64-linux-gnu/5/:/usr/lib/gcc/x86_64-linux-gnu/:/usr/lib/gcc/x86_64-linux-gnu/5/:/usr/lib/gcc/x86_64-linux-gnu/]
  ignore line: [LIBRARY_PATH=/usr/lib/gcc/x86_64-linux-gnu/5/:/usr/lib/gcc/x86_64-linux-gnu/5/../../../x86_64-linux-gnu/:/usr/lib/gcc/x86_64-linux-gnu/5/../../../../lib/:/lib/x86_64-linux-gnu/:/lib/../lib/:/usr/lib/x86_64-linux-gnu/:/usr/lib/../lib/:/usr/lib/gcc/x86_64-linux-gnu/5/../../../:/lib/:/usr/lib/]
  ignore line: [COLLECT_GCC_OPTIONS='-v' '-o' 'cmTC_ce09a' '-L/usr/local/cuda-8.0/targets/x86_64-linux/lib/stubs' '-L/usr/local/cuda-8.0/targets/x86_64-linux/lib' '-shared-libgcc' '-mtune=generic' '-march=x86-64']
  link line: [ /usr/lib/gcc/x86_64-linux-gnu/5/collect2 -plugin /usr/lib/gcc/x86_64-linux-gnu/5/liblto_plugin.so -plugin-opt=/usr/lib/gcc/x86_64-linux-gnu/5/lto-wrapper -plugin-opt=-fresolution=/tmp/ccx67Itx.res -plugin-opt=-pass-through=-lgcc_s -plugin-opt=-pass-through=-lgcc -plugin-opt=-pass-through=-lc -plugin-opt=-pass-through=-lgcc_s -plugin-opt=-pass-through=-lgcc --sysroot=/ --build-id --eh-frame-hdr -m elf_x86_64 --hash-style=gnu --as-needed -dynamic-linker /lib64/ld-linux-x86-64.so.2 -z relro -o cmTC_ce09a /usr/lib/gcc/x86_64-linux-gnu/5/../../../x86_64-linux-gnu/crt1.o /usr/lib/gcc/x86_64-linux-gnu/5/../../../x86_64-linux-gnu/crti.o /usr/lib/gcc/x86_64-linux-gnu/5/crtbegin.o -L/usr/local/cuda-8.0/targets/x86_64-linux/lib/stubs -L/usr/local/cuda-8.0/targets/x86_64-linux/lib -L/usr/lib/gcc/x86_64-linux-gnu/5 -L/usr/lib/gcc/x86_64-linux-gnu/5/../../../x86_64-linux-gnu -L/usr/lib/gcc/x86_64-linux-gnu/5/../../../../lib -L/lib/x86_64-linux-gnu -L/lib/../lib -L/usr/lib/x86_64-linux-gnu -L/usr/lib/../lib -L/usr/lib/gcc/x86_64-linux-gnu/5/../../.. CMakeFiles/cmTC_ce09a.dir/CMakeCUDACompilerABI.cu.o CMakeFiles/cmTC_ce09a.dir/cmake_device_link.o -lcudadevrt -lcudart_static -lrt -lpthread -ldl -lstdc++ -lm -lgcc_s -lgcc -lc -lgcc_s -lgcc /usr/lib/gcc/x86_64-linux-gnu/5/crtend.o /usr/lib/gcc/x86_64-linux-gnu/5/../../../x86_64-linux-gnu/crtn.o]
    arg [/usr/lib/gcc/x86_64-linux-gnu/5/collect2] ==> ignore
    arg [-plugin] ==> ignore
    arg [/usr/lib/gcc/x86_64-linux-gnu/5/liblto_plugin.so] ==> ignore
    arg [-plugin-opt=/usr/lib/gcc/x86_64-linux-gnu/5/lto-wrapper] ==> ignore
    arg [-plugin-opt=-fresolution=/tmp/ccx67Itx.res] ==> ignore
    arg [-plugin-opt=-pass-through=-lgcc_s] ==> ignore
    arg [-plugin-opt=-pass-through=-lgcc] ==> ignore
    arg [-plugin-opt=-pass-through=-lc] ==> ignore
    arg [-plugin-opt=-pass-through=-lgcc_s] ==> ignore
    arg [-plugin-opt=-pass-through=-lgcc] ==> ignore
    arg [--sysroot=/] ==> ignore
    arg [--build-id] ==> ignore
    arg [--eh-frame-hdr] ==> ignore
    arg [-m] ==> ignore
    arg [elf_x86_64] ==> ignore
    arg [--hash-style=gnu] ==> ignore
    arg [--as-needed] ==> ignore
    arg [-dynamic-linker] ==> ignore
    arg [/lib64/ld-linux-x86-64.so.2] ==> ignore
    arg [-zrelro] ==> ignore
    arg [-o] ==> ignore
    arg [cmTC_ce09a] ==> ignore
    arg [/usr/lib/gcc/x86_64-linux-gnu/5/../../../x86_64-linux-gnu/crt1.o] ==> ignore
    arg [/usr/lib/gcc/x86_64-linux-gnu/5/../../../x86_64-linux-gnu/crti.o] ==> ignore
    arg [/usr/lib/gcc/x86_64-linux-gnu/5/crtbegin.o] ==> ignore
    arg [-L/usr/local/cuda-8.0/targets/x86_64-linux/lib/stubs] ==> dir [/usr/local/cuda-8.0/targets/x86_64-linux/lib/stubs]
    arg [-L/usr/local/cuda-8.0/targets/x86_64-linux/lib] ==> dir [/usr/local/cuda-8.0/targets/x86_64-linux/lib]
    arg [-L/usr/lib/gcc/x86_64-linux-gnu/5] ==> dir [/usr/lib/gcc/x86_64-linux-gnu/5]
    arg [-L/usr/lib/gcc/x86_64-linux-gnu/5/../../../x86_64-linux-gnu] ==> dir [/usr/lib/gcc/x86_64-linux-gnu/5/../../../x86_64-linux-gnu]
    arg [-L/usr/lib/gcc/x86_64-linux-gnu/5/../../../../lib] ==> dir [/usr/lib/gcc/x86_64-linux-gnu/5/../../../../lib]
    arg [-L/lib/x86_64-linux-gnu] ==> dir [/lib/x86_64-linux-gnu]
    arg [-L/lib/../lib] ==> dir [/lib/../lib]
    arg [-L/usr/lib/x86_64-linux-gnu] ==> dir [/usr/lib/x86_64-linux-gnu]
    arg [-L/usr/lib/../lib] ==> dir [/usr/lib/../lib]
    arg [-L/usr/lib/gcc/x86_64-linux-gnu/5/../../..] ==> dir [/usr/lib/gcc/x86_64-linux-gnu/5/../../..]
    arg [CMakeFiles/cmTC_ce09a.dir/CMakeCUDACompilerABI.cu.o] ==> ignore
    arg [CMakeFiles/cmTC_ce09a.dir/cmake_device_link.o] ==> ignore
    arg [-lcudadevrt] ==> lib [cudadevrt]
    arg [-lcudart_static] ==> lib [cudart_static]
    arg [-lrt] ==> lib [rt]
    arg [-lpthread] ==> lib [pthread]
    arg [-ldl] ==> lib [dl]
    arg [-lstdc++] ==> lib [stdc++]
    arg [-lm] ==> lib [m]
    arg [-lgcc_s] ==> lib [gcc_s]
    arg [-lgcc] ==> lib [gcc]
    arg [-lc] ==> lib [c]
    arg [-lgcc_s] ==> lib [gcc_s]
    arg [-lgcc] ==> lib [gcc]
    arg [/usr/lib/gcc/x86_64-linux-gnu/5/crtend.o] ==> ignore
    arg [/usr/lib/gcc/x86_64-linux-gnu/5/../../../x86_64-linux-gnu/crtn.o] ==> ignore
  collapse library dir [/usr/local/cuda-8.0/targets/x86_64-linux/lib/stubs] ==> [/usr/local/cuda-8.0/targets/x86_64-linux/lib/stubs]
  collapse library dir [/usr/local/cuda-8.0/targets/x86_64-linux/lib] ==> [/usr/local/cuda-8.0/targets/x86_64-linux/lib]
  collapse library dir [/usr/lib/gcc/x86_64-linux-gnu/5] ==> [/usr/lib/gcc/x86_64-linux-gnu/5]
  collapse library dir [/usr/lib/gcc/x86_64-linux-gnu/5/../../../x86_64-linux-gnu] ==> [/usr/lib/x86_64-linux-gnu]
  collapse library dir [/usr/lib/gcc/x86_64-linux-gnu/5/../../../../lib] ==> [/usr/lib]
  collapse library dir [/lib/x86_64-linux-gnu] ==> [/lib/x86_64-linux-gnu]
  collapse library dir [/lib/../lib] ==> [/lib]
  collapse library dir [/usr/lib/x86_64-linux-gnu] ==> [/usr/lib/x86_64-linux-gnu]
  collapse library dir [/usr/lib/../lib] ==> [/usr/lib]
  collapse library dir [/usr/lib/gcc/x86_64-linux-gnu/5/../../..] ==> [/usr/lib]
  implicit libs: [cudadevrt;cudart_static;rt;pthread;dl;stdc++;m;gcc_s;gcc;c;gcc_s;gcc]
  implicit dirs: [/usr/local/cuda-8.0/targets/x86_64-linux/lib/stubs;/usr/local/cuda-8.0/targets/x86_64-linux/lib;/usr/lib/gcc/x86_64-linux-gnu/5;/usr/lib/x86_64-linux-gnu;/usr/lib;/lib/x86_64-linux-gnu;/lib]
  implicit fwks: []


Determining if the include file pthread.h exists passed with the following output:
Change Dir: /home/kalyco/mfp_workspace/build/darknet_ros/CMakeFiles/CMakeTmp

Run Build Command:"/usr/bin/make" "cmTC_c3a3a/fast"
/usr/bin/make -f CMakeFiles/cmTC_c3a3a.dir/build.make CMakeFiles/cmTC_c3a3a.dir/build
make[1]: Entering directory '/home/kalyco/mfp_workspace/build/darknet_ros/CMakeFiles/CMakeTmp'
Building C object CMakeFiles/cmTC_c3a3a.dir/CheckIncludeFile.c.o
/usr/bin/cc   -fPIC    -o CMakeFiles/cmTC_c3a3a.dir/CheckIncludeFile.c.o   -c /home/kalyco/mfp_workspace/build/darknet_ros/CMakeFiles/CMakeTmp/CheckIncludeFile.c
Linking C executable cmTC_c3a3a
/usr/local/bin/cmake -E cmake_link_script CMakeFiles/cmTC_c3a3a.dir/link.txt --verbose=1
/usr/bin/cc -fPIC     -rdynamic CMakeFiles/cmTC_c3a3a.dir/CheckIncludeFile.c.o  -o cmTC_c3a3a 
make[1]: Leaving directory '/home/kalyco/mfp_workspace/build/darknet_ros/CMakeFiles/CMakeTmp'


Determining if the function pthread_create exists in the pthread passed with the following output:
Change Dir: /home/kalyco/mfp_workspace/build/darknet_ros/CMakeFiles/CMakeTmp

Run Build Command:"/usr/bin/make" "cmTC_cab11/fast"
/usr/bin/make -f CMakeFiles/cmTC_cab11.dir/build.make CMakeFiles/cmTC_cab11.dir/build
make[1]: Entering directory '/home/kalyco/mfp_workspace/build/darknet_ros/CMakeFiles/CMakeTmp'
Building C object CMakeFiles/cmTC_cab11.dir/CheckFunctionExists.c.o
/usr/bin/cc   -fPIC -DCHECK_FUNCTION_EXISTS=pthread_create   -o CMakeFiles/cmTC_cab11.dir/CheckFunctionExists.c.o   -c /usr/local/share/cmake-3.12/Modules/CheckFunctionExists.c
Linking C executable cmTC_cab11
/usr/local/bin/cmake -E cmake_link_script CMakeFiles/cmTC_cab11.dir/link.txt --verbose=1
/usr/bin/cc -fPIC -DCHECK_FUNCTION_EXISTS=pthread_create    -rdynamic CMakeFiles/cmTC_cab11.dir/CheckFunctionExists.c.o  -o cmTC_cab11 -lpthread 
make[1]: Leaving directory '/home/kalyco/mfp_workspace/build/darknet_ros/CMakeFiles/CMakeTmp'


Determining if the function XOpenDisplay exists in the /usr/lib/x86_64-linux-gnu/libX11.so;/usr/lib/x86_64-linux-gnu/libXext.so passed with the following output:
Change Dir: /home/kalyco/mfp_workspace/build/darknet_ros/CMakeFiles/CMakeTmp

Run Build Command:"/usr/bin/make" "cmTC_74c52/fast"
/usr/bin/make -f CMakeFiles/cmTC_74c52.dir/build.make CMakeFiles/cmTC_74c52.dir/build
make[1]: Entering directory '/home/kalyco/mfp_workspace/build/darknet_ros/CMakeFiles/CMakeTmp'
Building C object CMakeFiles/cmTC_74c52.dir/CheckFunctionExists.c.o
/usr/bin/cc   -O4 -Wall -Wno-unused-result -Wno-unknown-pragmas -Wno-unused-variable -Wfatal-errors -fPIC  -DCHECK_FUNCTION_EXISTS=XOpenDisplay   -o CMakeFiles/cmTC_74c52.dir/CheckFunctionExists.c.o   -c /usr/local/share/cmake-3.12/Modules/CheckFunctionExists.c
Linking C executable cmTC_74c52
/usr/local/bin/cmake -E cmake_link_script CMakeFiles/cmTC_74c52.dir/link.txt --verbose=1
/usr/bin/cc -O4 -Wall -Wno-unused-result -Wno-unknown-pragmas -Wno-unused-variable -Wfatal-errors -fPIC  -DCHECK_FUNCTION_EXISTS=XOpenDisplay    -rdynamic CMakeFiles/cmTC_74c52.dir/CheckFunctionExists.c.o  -o cmTC_74c52 /usr/lib/x86_64-linux-gnu/libX11.so /usr/lib/x86_64-linux-gnu/libXext.so 
make[1]: Leaving directory '/home/kalyco/mfp_workspace/build/darknet_ros/CMakeFiles/CMakeTmp'


Determining if the function gethostbyname exists passed with the following output:
Change Dir: /home/kalyco/mfp_workspace/build/darknet_ros/CMakeFiles/CMakeTmp

Run Build Command:"/usr/bin/make" "cmTC_316ff/fast"
/usr/bin/make -f CMakeFiles/cmTC_316ff.dir/build.make CMakeFiles/cmTC_316ff.dir/build
make[1]: Entering directory '/home/kalyco/mfp_workspace/build/darknet_ros/CMakeFiles/CMakeTmp'
Building C object CMakeFiles/cmTC_316ff.dir/CheckFunctionExists.c.o
/usr/bin/cc   -O4 -Wall -Wno-unused-result -Wno-unknown-pragmas -Wno-unused-variable -Wfatal-errors -fPIC  -DCHECK_FUNCTION_EXISTS=gethostbyname   -o CMakeFiles/cmTC_316ff.dir/CheckFunctionExists.c.o   -c /usr/local/share/cmake-3.12/Modules/CheckFunctionExists.c
Linking C executable cmTC_316ff
/usr/local/bin/cmake -E cmake_link_script CMakeFiles/cmTC_316ff.dir/link.txt --verbose=1
/usr/bin/cc -O4 -Wall -Wno-unused-result -Wno-unknown-pragmas -Wno-unused-variable -Wfatal-errors -fPIC  -DCHECK_FUNCTION_EXISTS=gethostbyname    -rdynamic CMakeFiles/cmTC_316ff.dir/CheckFunctionExists.c.o  -o cmTC_316ff 
make[1]: Leaving directory '/home/kalyco/mfp_workspace/build/darknet_ros/CMakeFiles/CMakeTmp'


Determining if the function connect exists passed with the following output:
Change Dir: /home/kalyco/mfp_workspace/build/darknet_ros/CMakeFiles/CMakeTmp

Run Build Command:"/usr/bin/make" "cmTC_a8f0c/fast"
/usr/bin/make -f CMakeFiles/cmTC_a8f0c.dir/build.make CMakeFiles/cmTC_a8f0c.dir/build
make[1]: Entering directory '/home/kalyco/mfp_workspace/build/darknet_ros/CMakeFiles/CMakeTmp'
Building C object CMakeFiles/cmTC_a8f0c.dir/CheckFunctionExists.c.o
/usr/bin/cc   -O4 -Wall -Wno-unused-result -Wno-unknown-pragmas -Wno-unused-variable -Wfatal-errors -fPIC  -DCHECK_FUNCTION_EXISTS=connect   -o CMakeFiles/cmTC_a8f0c.dir/CheckFunctionExists.c.o   -c /usr/local/share/cmake-3.12/Modules/CheckFunctionExists.c
Linking C executable cmTC_a8f0c
/usr/local/bin/cmake -E cmake_link_script CMakeFiles/cmTC_a8f0c.dir/link.txt --verbose=1
/usr/bin/cc -O4 -Wall -Wno-unused-result -Wno-unknown-pragmas -Wno-unused-variable -Wfatal-errors -fPIC  -DCHECK_FUNCTION_EXISTS=connect    -rdynamic CMakeFiles/cmTC_a8f0c.dir/CheckFunctionExists.c.o  -o cmTC_a8f0c 
make[1]: Leaving directory '/home/kalyco/mfp_workspace/build/darknet_ros/CMakeFiles/CMakeTmp'


Determining if the function remove exists passed with the following output:
Change Dir: /home/kalyco/mfp_workspace/build/darknet_ros/CMakeFiles/CMakeTmp

Run Build Command:"/usr/bin/make" "cmTC_63819/fast"
/usr/bin/make -f CMakeFiles/cmTC_63819.dir/build.make CMakeFiles/cmTC_63819.dir/build
make[1]: Entering directory '/home/kalyco/mfp_workspace/build/darknet_ros/CMakeFiles/CMakeTmp'
Building C object CMakeFiles/cmTC_63819.dir/CheckFunctionExists.c.o
/usr/bin/cc   -O4 -Wall -Wno-unused-result -Wno-unknown-pragmas -Wno-unused-variable -Wfatal-errors -fPIC  -DCHECK_FUNCTION_EXISTS=remove   -o CMakeFiles/cmTC_63819.dir/CheckFunctionExists.c.o   -c /usr/local/share/cmake-3.12/Modules/CheckFunctionExists.c
Linking C executable cmTC_63819
/usr/local/bin/cmake -E cmake_link_script CMakeFiles/cmTC_63819.dir/link.txt --verbose=1
/usr/bin/cc -O4 -Wall -Wno-unused-result -Wno-unknown-pragmas -Wno-unused-variable -Wfatal-errors -fPIC  -DCHECK_FUNCTION_EXISTS=remove    -rdynamic CMakeFiles/cmTC_63819.dir/CheckFunctionExists.c.o  -o cmTC_63819 
make[1]: Leaving directory '/home/kalyco/mfp_workspace/build/darknet_ros/CMakeFiles/CMakeTmp'


Determining if the function shmat exists passed with the following output:
Change Dir: /home/kalyco/mfp_workspace/build/darknet_ros/CMakeFiles/CMakeTmp

Run Build Command:"/usr/bin/make" "cmTC_60dc0/fast"
/usr/bin/make -f CMakeFiles/cmTC_60dc0.dir/build.make CMakeFiles/cmTC_60dc0.dir/build
make[1]: Entering directory '/home/kalyco/mfp_workspace/build/darknet_ros/CMakeFiles/CMakeTmp'
Building C object CMakeFiles/cmTC_60dc0.dir/CheckFunctionExists.c.o
/usr/bin/cc   -O4 -Wall -Wno-unused-result -Wno-unknown-pragmas -Wno-unused-variable -Wfatal-errors -fPIC  -DCHECK_FUNCTION_EXISTS=shmat   -o CMakeFiles/cmTC_60dc0.dir/CheckFunctionExists.c.o   -c /usr/local/share/cmake-3.12/Modules/CheckFunctionExists.c
Linking C executable cmTC_60dc0
/usr/local/bin/cmake -E cmake_link_script CMakeFiles/cmTC_60dc0.dir/link.txt --verbose=1
/usr/bin/cc -O4 -Wall -Wno-unused-result -Wno-unknown-pragmas -Wno-unused-variable -Wfatal-errors -fPIC  -DCHECK_FUNCTION_EXISTS=shmat    -rdynamic CMakeFiles/cmTC_60dc0.dir/CheckFunctionExists.c.o  -o cmTC_60dc0 
make[1]: Leaving directory '/home/kalyco/mfp_workspace/build/darknet_ros/CMakeFiles/CMakeTmp'


Determining if the function IceConnectionNumber exists in the ICE passed with the following output:
Change Dir: /home/kalyco/mfp_workspace/build/darknet_ros/CMakeFiles/CMakeTmp

Run Build Command:"/usr/bin/make" "cmTC_fdb5f/fast"
/usr/bin/make -f CMakeFiles/cmTC_fdb5f.dir/build.make CMakeFiles/cmTC_fdb5f.dir/build
make[1]: Entering directory '/home/kalyco/mfp_workspace/build/darknet_ros/CMakeFiles/CMakeTmp'
Building C object CMakeFiles/cmTC_fdb5f.dir/CheckFunctionExists.c.o
/usr/bin/cc   -O4 -Wall -Wno-unused-result -Wno-unknown-pragmas -Wno-unused-variable -Wfatal-errors -fPIC  -DCHECK_FUNCTION_EXISTS=IceConnectionNumber   -o CMakeFiles/cmTC_fdb5f.dir/CheckFunctionExists.c.o   -c /usr/local/share/cmake-3.12/Modules/CheckFunctionExists.c
Linking C executable cmTC_fdb5f
/usr/local/bin/cmake -E cmake_link_script CMakeFiles/cmTC_fdb5f.dir/link.txt --verbose=1
/usr/bin/cc -O4 -Wall -Wno-unused-result -Wno-unknown-pragmas -Wno-unused-variable -Wfatal-errors -fPIC  -DCHECK_FUNCTION_EXISTS=IceConnectionNumber    -rdynamic CMakeFiles/cmTC_fdb5f.dir/CheckFunctionExists.c.o  -o cmTC_fdb5f -lICE 
make[1]: Leaving directory '/home/kalyco/mfp_workspace/build/darknet_ros/CMakeFiles/CMakeTmp'


