Determining if the pthread_create exist failed with the following output:
Change Dir: /home/kalyco/mfp_workspace/build/darknet_ros/CMakeFiles/CMakeTmp

Run Build Command:"/usr/bin/make" "cmTC_5c142/fast"
/usr/bin/make -f CMakeFiles/cmTC_5c142.dir/build.make CMakeFiles/cmTC_5c142.dir/build
make[1]: Entering directory '/home/kalyco/mfp_workspace/build/darknet_ros/CMakeFiles/CMakeTmp'
Building C object CMakeFiles/cmTC_5c142.dir/CheckSymbolExists.c.o
/usr/bin/cc   -fPIC    -o CMakeFiles/cmTC_5c142.dir/CheckSymbolExists.c.o   -c /home/kalyco/mfp_workspace/build/darknet_ros/CMakeFiles/CMakeTmp/CheckSymbolExists.c
Linking C executable cmTC_5c142
/usr/local/bin/cmake -E cmake_link_script CMakeFiles/cmTC_5c142.dir/link.txt --verbose=1
/usr/bin/cc -fPIC     -rdynamic CMakeFiles/cmTC_5c142.dir/CheckSymbolExists.c.o  -o cmTC_5c142 
CMakeFiles/cmTC_5c142.dir/CheckSymbolExists.c.o: In function `main':
CheckSymbolExists.c:(.text+0x1b): undefined reference to `pthread_create'
collect2: error: ld returned 1 exit status
CMakeFiles/cmTC_5c142.dir/build.make:86: recipe for target 'cmTC_5c142' failed
make[1]: *** [cmTC_5c142] Error 1
make[1]: Leaving directory '/home/kalyco/mfp_workspace/build/darknet_ros/CMakeFiles/CMakeTmp'
Makefile:121: recipe for target 'cmTC_5c142/fast' failed
make: *** [cmTC_5c142/fast] Error 2

File /home/kalyco/mfp_workspace/build/darknet_ros/CMakeFiles/CMakeTmp/CheckSymbolExists.c:
/* */
#include <pthread.h>

int main(int argc, char** argv)
{
  (void)argv;
#ifndef pthread_create
  return ((int*)(&pthread_create))[argc];
#else
  (void)argc;
  return 0;
#endif
}

Determining if the function pthread_create exists in the pthreads failed with the following output:
Change Dir: /home/kalyco/mfp_workspace/build/darknet_ros/CMakeFiles/CMakeTmp

Run Build Command:"/usr/bin/make" "cmTC_88987/fast"
/usr/bin/make -f CMakeFiles/cmTC_88987.dir/build.make CMakeFiles/cmTC_88987.dir/build
make[1]: Entering directory '/home/kalyco/mfp_workspace/build/darknet_ros/CMakeFiles/CMakeTmp'
Building C object CMakeFiles/cmTC_88987.dir/CheckFunctionExists.c.o
/usr/bin/cc   -fPIC -DCHECK_FUNCTION_EXISTS=pthread_create   -o CMakeFiles/cmTC_88987.dir/CheckFunctionExists.c.o   -c /usr/local/share/cmake-3.12/Modules/CheckFunctionExists.c
Linking C executable cmTC_88987
/usr/local/bin/cmake -E cmake_link_script CMakeFiles/cmTC_88987.dir/link.txt --verbose=1
/usr/bin/cc -fPIC -DCHECK_FUNCTION_EXISTS=pthread_create    -rdynamic CMakeFiles/cmTC_88987.dir/CheckFunctionExists.c.o  -o cmTC_88987 -lpthreads 
/usr/bin/ld: cannot find -lpthreads
collect2: error: ld returned 1 exit status
CMakeFiles/cmTC_88987.dir/build.make:86: recipe for target 'cmTC_88987' failed
make[1]: *** [cmTC_88987] Error 1
make[1]: Leaving directory '/home/kalyco/mfp_workspace/build/darknet_ros/CMakeFiles/CMakeTmp'
Makefile:121: recipe for target 'cmTC_88987/fast' failed
make: *** [cmTC_88987/fast] Error 2


